{"/home/ed/projects/pst-extractor/src/app/PSTActivity/PSTActivity.spec.ts":{"path":"/home/ed/projects/pst-extractor/src/app/PSTActivity/PSTActivity.spec.ts","statementMap":{"0":{"start":{"line":2,"column":0},"end":{"line":2,"column":62}},"1":{"start":{"line":3,"column":13},"end":{"line":3,"column":28}},"2":{"start":{"line":4,"column":24},"end":{"line":4,"column":59}},"3":{"start":{"line":5,"column":16},"end":{"line":5,"column":39}},"4":{"start":{"line":6,"column":15},"end":{"line":6,"column":26}},"5":{"start":{"line":9,"column":0},"end":{"line":18,"column":3}},"6":{"start":{"line":10,"column":4},"end":{"line":10,"column":96}},"7":{"start":{"line":12,"column":23},"end":{"line":12,"column":62}},"8":{"start":{"line":13,"column":4},"end":{"line":13,"column":29}},"9":{"start":{"line":14,"column":4},"end":{"line":14,"column":42}},"10":{"start":{"line":15,"column":4},"end":{"line":15,"column":29}},"11":{"start":{"line":16,"column":4},"end":{"line":16,"column":42}},"12":{"start":{"line":17,"column":4},"end":{"line":17,"column":30}},"13":{"start":{"line":19,"column":0},"end":{"line":21,"column":3}},"14":{"start":{"line":20,"column":4},"end":{"line":20,"column":20}},"15":{"start":{"line":22,"column":0},"end":{"line":43,"column":3}},"16":{"start":{"line":23,"column":4},"end":{"line":25,"column":7}},"17":{"start":{"line":24,"column":8},"end":{"line":24,"column":55}},"18":{"start":{"line":26,"column":4},"end":{"line":42,"column":7}},"19":{"start":{"line":27,"column":23},"end":{"line":27,"column":44}},"20":{"start":{"line":29,"column":8},"end":{"line":29,"column":63}},"21":{"start":{"line":30,"column":8},"end":{"line":30,"column":55}},"22":{"start":{"line":31,"column":8},"end":{"line":31,"column":60}},"23":{"start":{"line":32,"column":8},"end":{"line":32,"column":70}},"24":{"start":{"line":33,"column":8},"end":{"line":33,"column":79}},"25":{"start":{"line":34,"column":8},"end":{"line":34,"column":77}},"26":{"start":{"line":35,"column":8},"end":{"line":35,"column":48}},"27":{"start":{"line":36,"column":8},"end":{"line":36,"column":49}},"28":{"start":{"line":37,"column":8},"end":{"line":37,"column":46}},"29":{"start":{"line":38,"column":8},"end":{"line":38,"column":59}},"30":{"start":{"line":39,"column":8},"end":{"line":39,"column":57}},"31":{"start":{"line":40,"column":8},"end":{"line":40,"column":58}},"32":{"start":{"line":41,"column":8},"end":{"line":41,"column":58}}},"fnMap":{"0":{"name":"(anonymous_0)","decl":{"start":{"line":9,"column":7},"end":{"line":9,"column":8}},"loc":{"start":{"line":9,"column":13},"end":{"line":18,"column":1}},"line":9},"1":{"name":"(anonymous_1)","decl":{"start":{"line":19,"column":6},"end":{"line":19,"column":7}},"loc":{"start":{"line":19,"column":12},"end":{"line":21,"column":1}},"line":19},"2":{"name":"(anonymous_2)","decl":{"start":{"line":22,"column":30},"end":{"line":22,"column":31}},"loc":{"start":{"line":22,"column":36},"end":{"line":43,"column":1}},"line":22},"3":{"name":"(anonymous_3)","decl":{"start":{"line":23,"column":39},"end":{"line":23,"column":40}},"loc":{"start":{"line":23,"column":45},"end":{"line":25,"column":5}},"line":23},"4":{"name":"(anonymous_4)","decl":{"start":{"line":26,"column":50},"end":{"line":26,"column":51}},"loc":{"start":{"line":26,"column":56},"end":{"line":42,"column":5}},"line":26}},"branchMap":{},"s":{"0":10,"1":10,"2":10,"3":10,"4":10,"5":10,"6":10,"7":10,"8":10,"9":10,"10":10,"11":10,"12":10,"13":10,"14":10,"15":10,"16":10,"17":10,"18":10,"19":10,"20":10,"21":10,"22":10,"23":10,"24":10,"25":10,"26":10,"27":10,"28":10,"29":10,"30":10,"31":10,"32":10},"f":{"0":10,"1":10,"2":10,"3":10,"4":10},"b":{},"_coverageSchema":"332fd63041d2c1bcb487cc26dd0d5f7d97098a6c","hash":"dddd2aa4d5884015bede17054ac1c8fb80b1cf03","contentHash":"96a57dc64fadcf4834b960d659bf8243_11.4.1"},"/home/ed/projects/pst-extractor/src/app/PSTFile/PSTFile.class.ts":{"path":"/home/ed/projects/pst-extractor/src/app/PSTFile/PSTFile.class.ts","statementMap":{"0":{"start":{"line":2,"column":0},"end":{"line":2,"column":62}},"1":{"start":{"line":35,"column":24},"end":{"line":35,"column":50}},"2":{"start":{"line":36,"column":26},"end":{"line":36,"column":67}},"3":{"start":{"line":37,"column":32},"end":{"line":37,"column":85}},"4":{"start":{"line":38,"column":36},"end":{"line":38,"column":97}},"5":{"start":{"line":39,"column":34},"end":{"line":39,"column":91}},"6":{"start":{"line":40,"column":35},"end":{"line":40,"column":94}},"7":{"start":{"line":41,"column":32},"end":{"line":41,"column":85}},"8":{"start":{"line":42,"column":31},"end":{"line":42,"column":80}},"9":{"start":{"line":43,"column":27},"end":{"line":43,"column":68}},"10":{"start":{"line":44,"column":24},"end":{"line":44,"column":59}},"11":{"start":{"line":45,"column":20},"end":{"line":45,"column":43}},"12":{"start":{"line":46,"column":11},"end":{"line":46,"column":24}},"13":{"start":{"line":47,"column":14},"end":{"line":47,"column":31}},"14":{"start":{"line":48,"column":13},"end":{"line":48,"column":28}},"15":{"start":{"line":49,"column":18},"end":{"line":49,"column":39}},"16":{"start":{"line":52,"column":8},"end":{"line":68,"column":11}},"17":{"start":{"line":70,"column":8},"end":{"line":70,"column":33}},"18":{"start":{"line":72,"column":8},"end":{"line":72,"column":30}},"19":{"start":{"line":73,"column":8},"end":{"line":73,"column":37}},"20":{"start":{"line":74,"column":8},"end":{"line":74,"column":20}},"21":{"start":{"line":77,"column":8},"end":{"line":77,"column":36}},"22":{"start":{"line":80,"column":8},"end":{"line":80,"column":33}},"23":{"start":{"line":83,"column":8},"end":{"line":83,"column":33}},"24":{"start":{"line":86,"column":8},"end":{"line":86,"column":36}},"25":{"start":{"line":91,"column":8},"end":{"line":91,"column":60}},"26":{"start":{"line":92,"column":8},"end":{"line":92,"column":85}},"27":{"start":{"line":93,"column":21},"end":{"line":93,"column":36}},"28":{"start":{"line":94,"column":8},"end":{"line":94,"column":51}},"29":{"start":{"line":95,"column":18},"end":{"line":95,"column":24}},"30":{"start":{"line":96,"column":8},"end":{"line":98,"column":9}},"31":{"start":{"line":97,"column":12},"end":{"line":97,"column":95}},"32":{"start":{"line":100,"column":8},"end":{"line":102,"column":9}},"33":{"start":{"line":101,"column":12},"end":{"line":101,"column":47}},"34":{"start":{"line":103,"column":8},"end":{"line":105,"column":9}},"35":{"start":{"line":104,"column":12},"end":{"line":104,"column":90}},"36":{"start":{"line":106,"column":8},"end":{"line":106,"column":39}},"37":{"start":{"line":108,"column":8},"end":{"line":113,"column":9}},"38":{"start":{"line":109,"column":12},"end":{"line":109,"column":47}},"39":{"start":{"line":112,"column":12},"end":{"line":112,"column":47}},"40":{"start":{"line":114,"column":8},"end":{"line":116,"column":9}},"41":{"start":{"line":115,"column":12},"end":{"line":115,"column":62}},"42":{"start":{"line":118,"column":8},"end":{"line":118,"column":34}},"43":{"start":{"line":121,"column":8},"end":{"line":121,"column":36}},"44":{"start":{"line":125,"column":40},"end":{"line":125,"column":88}},"45":{"start":{"line":128,"column":8},"end":{"line":130,"column":9}},"46":{"start":{"line":129,"column":12},"end":{"line":129,"column":127}},"47":{"start":{"line":132,"column":18},"end":{"line":132,"column":94}},"48":{"start":{"line":133,"column":21},"end":{"line":133,"column":81}},"49":{"start":{"line":134,"column":22},"end":{"line":134,"column":63}},"50":{"start":{"line":135,"column":25},"end":{"line":135,"column":43}},"51":{"start":{"line":137,"column":24},"end":{"line":137,"column":41}},"52":{"start":{"line":138,"column":8},"end":{"line":138,"column":67}},"53":{"start":{"line":139,"column":21},"end":{"line":139,"column":55}},"54":{"start":{"line":140,"column":26},"end":{"line":140,"column":28}},"55":{"start":{"line":141,"column":21},"end":{"line":141,"column":22}},"56":{"start":{"line":142,"column":8},"end":{"line":162,"column":9}},"57":{"start":{"line":143,"column":27},"end":{"line":143,"column":113}},"58":{"start":{"line":144,"column":12},"end":{"line":144,"column":46}},"59":{"start":{"line":145,"column":26},"end":{"line":145,"column":116}},"60":{"start":{"line":146,"column":12},"end":{"line":146,"column":44}},"61":{"start":{"line":147,"column":28},"end":{"line":147,"column":118}},"62":{"start":{"line":148,"column":30},"end":{"line":148,"column":64}},"63":{"start":{"line":149,"column":31},"end":{"line":149,"column":119}},"64":{"start":{"line":150,"column":29},"end":{"line":150,"column":50}},"65":{"start":{"line":151,"column":30},"end":{"line":151,"column":52}},"66":{"start":{"line":152,"column":25},"end":{"line":152,"column":59}},"67":{"start":{"line":153,"column":25},"end":{"line":153,"column":64}},"68":{"start":{"line":154,"column":12},"end":{"line":159,"column":13}},"69":{"start":{"line":155,"column":16},"end":{"line":155,"column":58}},"70":{"start":{"line":158,"column":16},"end":{"line":158,"column":36}},"71":{"start":{"line":160,"column":12},"end":{"line":160,"column":117}},"72":{"start":{"line":161,"column":12},"end":{"line":161,"column":25}},"73":{"start":{"line":164,"column":25},"end":{"line":164,"column":42}},"74":{"start":{"line":165,"column":27},"end":{"line":165,"column":73}},"75":{"start":{"line":166,"column":31},"end":{"line":166,"column":48}},"76":{"start":{"line":167,"column":33},"end":{"line":167,"column":85}},"77":{"start":{"line":169,"column":8},"end":{"line":200,"column":9}},"78":{"start":{"line":170,"column":31},"end":{"line":170,"column":120}},"79":{"start":{"line":171,"column":23},"end":{"line":171,"column":116}},"80":{"start":{"line":172,"column":25},"end":{"line":172,"column":118}},"81":{"start":{"line":173,"column":12},"end":{"line":199,"column":13}},"82":{"start":{"line":175,"column":16},"end":{"line":175,"column":33}},"83":{"start":{"line":176,"column":16},"end":{"line":176,"column":27}},"84":{"start":{"line":178,"column":16},"end":{"line":186,"column":17}},"85":{"start":{"line":179,"column":20},"end":{"line":179,"column":48}},"86":{"start":{"line":181,"column":21},"end":{"line":186,"column":17}},"87":{"start":{"line":182,"column":20},"end":{"line":182,"column":58}},"88":{"start":{"line":185,"column":20},"end":{"line":185,"column":54}},"89":{"start":{"line":187,"column":16},"end":{"line":187,"column":71}},"90":{"start":{"line":193,"column":26},"end":{"line":193,"column":143}},"91":{"start":{"line":194,"column":35},"end":{"line":194,"column":50}},"92":{"start":{"line":195,"column":16},"end":{"line":195,"column":126}},"93":{"start":{"line":196,"column":16},"end":{"line":196,"column":33}},"94":{"start":{"line":197,"column":26},"end":{"line":197,"column":77}},"95":{"start":{"line":198,"column":16},"end":{"line":198,"column":51}},"96":{"start":{"line":203,"column":8},"end":{"line":205,"column":9}},"97":{"start":{"line":204,"column":12},"end":{"line":204,"column":29}},"98":{"start":{"line":206,"column":8},"end":{"line":208,"column":9}},"99":{"start":{"line":207,"column":12},"end":{"line":207,"column":116}},"100":{"start":{"line":209,"column":8},"end":{"line":211,"column":9}},"101":{"start":{"line":210,"column":12},"end":{"line":210,"column":103}},"102":{"start":{"line":212,"column":32},"end":{"line":212,"column":82}},"103":{"start":{"line":213,"column":8},"end":{"line":215,"column":9}},"104":{"start":{"line":214,"column":12},"end":{"line":214,"column":98}},"105":{"start":{"line":216,"column":8},"end":{"line":216,"column":43}},"106":{"start":{"line":220,"column":8},"end":{"line":220,"column":47}},"107":{"start":{"line":223,"column":8},"end":{"line":223,"column":42}},"108":{"start":{"line":226,"column":8},"end":{"line":226,"column":68}},"109":{"start":{"line":229,"column":8},"end":{"line":229,"column":54}},"110":{"start":{"line":232,"column":18},"end":{"line":232,"column":20}},"111":{"start":{"line":233,"column":8},"end":{"line":256,"column":9}},"112":{"start":{"line":234,"column":23},"end":{"line":234,"column":61}},"113":{"start":{"line":235,"column":12},"end":{"line":240,"column":13}},"114":{"start":{"line":236,"column":16},"end":{"line":236,"column":69}},"115":{"start":{"line":239,"column":16},"end":{"line":239,"column":87}},"116":{"start":{"line":243,"column":23},"end":{"line":243,"column":59}},"117":{"start":{"line":244,"column":12},"end":{"line":255,"column":13}},"118":{"start":{"line":245,"column":16},"end":{"line":245,"column":100}},"119":{"start":{"line":248,"column":27},"end":{"line":248,"column":70}},"120":{"start":{"line":249,"column":16},"end":{"line":254,"column":17}},"121":{"start":{"line":250,"column":20},"end":{"line":250,"column":105}},"122":{"start":{"line":253,"column":20},"end":{"line":253,"column":125}},"123":{"start":{"line":257,"column":8},"end":{"line":257,"column":19}},"124":{"start":{"line":262,"column":37},"end":{"line":262,"column":126}},"125":{"start":{"line":263,"column":8},"end":{"line":263,"column":89}},"126":{"start":{"line":267,"column":35},"end":{"line":267,"column":121}},"127":{"start":{"line":268,"column":21},"end":{"line":268,"column":80}},"128":{"start":{"line":269,"column":8},"end":{"line":269,"column":22}},"129":{"start":{"line":273,"column":25},"end":{"line":273,"column":53}},"130":{"start":{"line":274,"column":8},"end":{"line":274,"column":83}},"131":{"start":{"line":277,"column":25},"end":{"line":277,"column":53}},"132":{"start":{"line":279,"column":8},"end":{"line":282,"column":9}},"133":{"start":{"line":281,"column":12},"end":{"line":281,"column":35}},"134":{"start":{"line":284,"column":19},"end":{"line":284,"column":32}},"135":{"start":{"line":285,"column":8},"end":{"line":285,"column":56}},"136":{"start":{"line":286,"column":8},"end":{"line":286,"column":49}},"137":{"start":{"line":288,"column":8},"end":{"line":288,"column":93}},"138":{"start":{"line":292,"column":21},"end":{"line":292,"column":30}},"139":{"start":{"line":293,"column":8},"end":{"line":316,"column":9}},"140":{"start":{"line":294,"column":12},"end":{"line":294,"column":50}},"141":{"start":{"line":295,"column":25},"end":{"line":295,"column":38}},"142":{"start":{"line":296,"column":12},"end":{"line":296,"column":55}},"143":{"start":{"line":297,"column":12},"end":{"line":297,"column":49}},"144":{"start":{"line":298,"column":12},"end":{"line":298,"column":41}},"145":{"start":{"line":299,"column":12},"end":{"line":299,"column":49}},"146":{"start":{"line":300,"column":12},"end":{"line":300,"column":41}},"147":{"start":{"line":301,"column":12},"end":{"line":301,"column":49}},"148":{"start":{"line":302,"column":12},"end":{"line":302,"column":41}},"149":{"start":{"line":303,"column":12},"end":{"line":303,"column":49}},"150":{"start":{"line":306,"column":12},"end":{"line":306,"column":50}},"151":{"start":{"line":307,"column":25},"end":{"line":307,"column":38}},"152":{"start":{"line":308,"column":12},"end":{"line":308,"column":55}},"153":{"start":{"line":309,"column":12},"end":{"line":309,"column":49}},"154":{"start":{"line":311,"column":12},"end":{"line":315,"column":13}},"155":{"start":{"line":312,"column":16},"end":{"line":312,"column":45}},"156":{"start":{"line":313,"column":16},"end":{"line":313,"column":48}},"157":{"start":{"line":314,"column":16},"end":{"line":314,"column":49}},"158":{"start":{"line":317,"column":8},"end":{"line":317,"column":22}},"159":{"start":{"line":324,"column":8},"end":{"line":335,"column":9}},"160":{"start":{"line":325,"column":12},"end":{"line":325,"column":77}},"161":{"start":{"line":326,"column":12},"end":{"line":328,"column":13}},"162":{"start":{"line":327,"column":16},"end":{"line":327,"column":81}},"163":{"start":{"line":331,"column":12},"end":{"line":331,"column":77}},"164":{"start":{"line":332,"column":12},"end":{"line":334,"column":13}},"165":{"start":{"line":333,"column":16},"end":{"line":333,"column":81}},"166":{"start":{"line":338,"column":21},"end":{"line":338,"column":34}},"167":{"start":{"line":339,"column":8},"end":{"line":347,"column":9}},"168":{"start":{"line":340,"column":12},"end":{"line":340,"column":37}},"169":{"start":{"line":342,"column":13},"end":{"line":347,"column":9}},"170":{"start":{"line":343,"column":12},"end":{"line":343,"column":45}},"171":{"start":{"line":346,"column":12},"end":{"line":346,"column":37}},"172":{"start":{"line":348,"column":8},"end":{"line":348,"column":75}},"173":{"start":{"line":349,"column":8},"end":{"line":349,"column":51}},"174":{"start":{"line":350,"column":17},"end":{"line":350,"column":30}},"175":{"start":{"line":351,"column":8},"end":{"line":351,"column":23}},"176":{"start":{"line":352,"column":8},"end":{"line":352,"column":23}},"177":{"start":{"line":354,"column":8},"end":{"line":485,"column":9}},"178":{"start":{"line":357,"column":12},"end":{"line":365,"column":13}},"179":{"start":{"line":358,"column":16},"end":{"line":358,"column":26}},"180":{"start":{"line":360,"column":17},"end":{"line":365,"column":13}},"181":{"start":{"line":361,"column":16},"end":{"line":361,"column":27}},"182":{"start":{"line":364,"column":16},"end":{"line":364,"column":26}},"183":{"start":{"line":366,"column":34},"end":{"line":366,"column":49}},"184":{"start":{"line":367,"column":12},"end":{"line":367,"column":55}},"185":{"start":{"line":368,"column":12},"end":{"line":368,"column":64}},"186":{"start":{"line":369,"column":12},"end":{"line":369,"column":100}},"187":{"start":{"line":370,"column":32},"end":{"line":370,"column":33}},"188":{"start":{"line":371,"column":12},"end":{"line":380,"column":13}},"189":{"start":{"line":372,"column":41},"end":{"line":372,"column":54}},"190":{"start":{"line":373,"column":16},"end":{"line":373,"column":71}},"191":{"start":{"line":374,"column":16},"end":{"line":374,"column":118}},"192":{"start":{"line":375,"column":16},"end":{"line":375,"column":71}},"193":{"start":{"line":378,"column":16},"end":{"line":378,"column":59}},"194":{"start":{"line":379,"column":16},"end":{"line":379,"column":43}},"195":{"start":{"line":381,"column":27},"end":{"line":381,"column":53}},"196":{"start":{"line":382,"column":31},"end":{"line":382,"column":57}},"197":{"start":{"line":383,"column":12},"end":{"line":484,"column":13}},"198":{"start":{"line":384,"column":28},"end":{"line":384,"column":33}},"199":{"start":{"line":385,"column":16},"end":{"line":408,"column":17}},"200":{"start":{"line":386,"column":20},"end":{"line":407,"column":21}},"201":{"start":{"line":387,"column":54},"end":{"line":387,"column":108}},"202":{"start":{"line":388,"column":24},"end":{"line":395,"column":25}},"203":{"start":{"line":390,"column":28},"end":{"line":390,"column":112}},"204":{"start":{"line":391,"column":28},"end":{"line":391,"column":80}},"205":{"start":{"line":392,"column":28},"end":{"line":392,"column":71}},"206":{"start":{"line":393,"column":28},"end":{"line":393,"column":41}},"207":{"start":{"line":394,"column":28},"end":{"line":394,"column":34}},"208":{"start":{"line":398,"column":54},"end":{"line":398,"column":108}},"209":{"start":{"line":399,"column":24},"end":{"line":406,"column":25}},"210":{"start":{"line":401,"column":28},"end":{"line":401,"column":113}},"211":{"start":{"line":402,"column":28},"end":{"line":402,"column":95}},"212":{"start":{"line":403,"column":28},"end":{"line":403,"column":71}},"213":{"start":{"line":404,"column":28},"end":{"line":404,"column":41}},"214":{"start":{"line":405,"column":28},"end":{"line":405,"column":34}},"215":{"start":{"line":409,"column":16},"end":{"line":421,"column":17}},"216":{"start":{"line":411,"column":20},"end":{"line":420,"column":21}},"217":{"start":{"line":412,"column":24},"end":{"line":412,"column":120}},"218":{"start":{"line":413,"column":24},"end":{"line":413,"column":76}},"219":{"start":{"line":414,"column":24},"end":{"line":414,"column":67}},"220":{"start":{"line":417,"column":24},"end":{"line":417,"column":121}},"221":{"start":{"line":418,"column":24},"end":{"line":418,"column":91}},"222":{"start":{"line":419,"column":24},"end":{"line":419,"column":67}},"223":{"start":{"line":426,"column":16},"end":{"line":482,"column":17}},"224":{"start":{"line":427,"column":20},"end":{"line":481,"column":21}},"225":{"start":{"line":428,"column":24},"end":{"line":452,"column":25}},"226":{"start":{"line":430,"column":28},"end":{"line":430,"column":51}},"227":{"start":{"line":431,"column":28},"end":{"line":431,"column":83}},"228":{"start":{"line":432,"column":28},"end":{"line":432,"column":71}},"229":{"start":{"line":433,"column":28},"end":{"line":439,"column":29}},"230":{"start":{"line":435,"column":32},"end":{"line":435,"column":56}},"231":{"start":{"line":436,"column":32},"end":{"line":436,"column":87}},"232":{"start":{"line":437,"column":32},"end":{"line":437,"column":75}},"233":{"start":{"line":438,"column":32},"end":{"line":438,"column":46}},"234":{"start":{"line":443,"column":58},"end":{"line":443,"column":112}},"235":{"start":{"line":444,"column":28},"end":{"line":451,"column":29}},"236":{"start":{"line":446,"column":32},"end":{"line":446,"column":56}},"237":{"start":{"line":447,"column":32},"end":{"line":447,"column":87}},"238":{"start":{"line":448,"column":32},"end":{"line":448,"column":75}},"239":{"start":{"line":449,"column":32},"end":{"line":449,"column":113}},"240":{"start":{"line":450,"column":32},"end":{"line":450,"column":46}},"241":{"start":{"line":455,"column":24},"end":{"line":480,"column":25}},"242":{"start":{"line":457,"column":28},"end":{"line":457,"column":51}},"243":{"start":{"line":458,"column":28},"end":{"line":458,"column":83}},"244":{"start":{"line":459,"column":28},"end":{"line":459,"column":71}},"245":{"start":{"line":460,"column":28},"end":{"line":467,"column":29}},"246":{"start":{"line":462,"column":32},"end":{"line":462,"column":56}},"247":{"start":{"line":463,"column":32},"end":{"line":463,"column":87}},"248":{"start":{"line":464,"column":32},"end":{"line":464,"column":75}},"249":{"start":{"line":465,"column":32},"end":{"line":465,"column":113}},"250":{"start":{"line":466,"column":32},"end":{"line":466,"column":46}},"251":{"start":{"line":471,"column":58},"end":{"line":471,"column":112}},"252":{"start":{"line":472,"column":28},"end":{"line":479,"column":29}},"253":{"start":{"line":474,"column":32},"end":{"line":474,"column":56}},"254":{"start":{"line":475,"column":32},"end":{"line":475,"column":87}},"255":{"start":{"line":476,"column":32},"end":{"line":476,"column":75}},"256":{"start":{"line":477,"column":32},"end":{"line":477,"column":113}},"257":{"start":{"line":478,"column":32},"end":{"line":478,"column":46}},"258":{"start":{"line":483,"column":16},"end":{"line":483,"column":108}},"259":{"start":{"line":486,"column":8},"end":{"line":486,"column":106}},"260":{"start":{"line":490,"column":8},"end":{"line":490,"column":83}},"261":{"start":{"line":491,"column":8},"end":{"line":491,"column":116}},"262":{"start":{"line":495,"column":8},"end":{"line":495,"column":109}},"263":{"start":{"line":498,"column":26},"end":{"line":498,"column":29}},"264":{"start":{"line":499,"column":8},"end":{"line":501,"column":9}},"265":{"start":{"line":500,"column":12},"end":{"line":500,"column":45}},"266":{"start":{"line":503,"column":8},"end":{"line":503,"column":36}},"267":{"start":{"line":504,"column":18},"end":{"line":504,"column":36}},"268":{"start":{"line":505,"column":8},"end":{"line":507,"column":9}},"269":{"start":{"line":506,"column":12},"end":{"line":506,"column":119}},"270":{"start":{"line":508,"column":21},"end":{"line":508,"column":30}},"271":{"start":{"line":509,"column":28},"end":{"line":509,"column":77}},"272":{"start":{"line":511,"column":8},"end":{"line":516,"column":9}},"273":{"start":{"line":512,"column":12},"end":{"line":512,"column":23}},"274":{"start":{"line":515,"column":12},"end":{"line":515,"column":23}},"275":{"start":{"line":517,"column":19},"end":{"line":517,"column":60}},"276":{"start":{"line":518,"column":8},"end":{"line":518,"column":36}},"277":{"start":{"line":519,"column":8},"end":{"line":519,"column":41}},"278":{"start":{"line":520,"column":8},"end":{"line":529,"column":9}},"279":{"start":{"line":521,"column":23},"end":{"line":521,"column":90}},"280":{"start":{"line":522,"column":12},"end":{"line":522,"column":56}},"281":{"start":{"line":523,"column":12},"end":{"line":528,"column":13}},"282":{"start":{"line":524,"column":16},"end":{"line":524,"column":29}},"283":{"start":{"line":527,"column":16},"end":{"line":527,"column":29}},"284":{"start":{"line":530,"column":8},"end":{"line":530,"column":22}},"285":{"start":{"line":533,"column":8},"end":{"line":537,"column":20}},"286":{"start":{"line":540,"column":0},"end":{"line":540,"column":33}},"287":{"start":{"line":541,"column":0},"end":{"line":541,"column":41}},"288":{"start":{"line":542,"column":0},"end":{"line":542,"column":49}},"289":{"start":{"line":543,"column":0},"end":{"line":543,"column":48}},"290":{"start":{"line":544,"column":0},"end":{"line":544,"column":27}},"291":{"start":{"line":545,"column":0},"end":{"line":545,"column":29}},"292":{"start":{"line":546,"column":0},"end":{"line":546,"column":30}},"293":{"start":{"line":547,"column":0},"end":{"line":547,"column":35}},"294":{"start":{"line":548,"column":0},"end":{"line":548,"column":30}},"295":{"start":{"line":549,"column":0},"end":{"line":549,"column":26}},"296":{"start":{"line":550,"column":0},"end":{"line":550,"column":27}},"297":{"start":{"line":551,"column":0},"end":{"line":551,"column":32}},"298":{"start":{"line":552,"column":0},"end":{"line":552,"column":31}},"299":{"start":{"line":553,"column":0},"end":{"line":553,"column":27}},"300":{"start":{"line":554,"column":0},"end":{"line":554,"column":23}},"301":{"start":{"line":555,"column":0},"end":{"line":555,"column":29}},"302":{"start":{"line":556,"column":0},"end":{"line":556,"column":24}},"303":{"start":{"line":557,"column":0},"end":{"line":557,"column":27}},"304":{"start":{"line":558,"column":0},"end":{"line":558,"column":25}},"305":{"start":{"line":559,"column":0},"end":{"line":559,"column":37}},"306":{"start":{"line":560,"column":0},"end":{"line":560,"column":21}},"307":{"start":{"line":561,"column":0},"end":{"line":561,"column":28}},"308":{"start":{"line":562,"column":0},"end":{"line":562,"column":28}},"309":{"start":{"line":564,"column":0},"end":{"line":564,"column":48}},"310":{"start":{"line":565,"column":0},"end":{"line":565,"column":26}}},"fnMap":{"0":{"name":"(anonymous_0)","decl":{"start":{"line":51,"column":4},"end":{"line":51,"column":5}},"loc":{"start":{"line":51,"column":26},"end":{"line":75,"column":5}},"line":51},"1":{"name":"(anonymous_1)","decl":{"start":{"line":76,"column":4},"end":{"line":76,"column":5}},"loc":{"start":{"line":76,"column":25},"end":{"line":78,"column":5}},"line":76},"2":{"name":"(anonymous_2)","decl":{"start":{"line":79,"column":4},"end":{"line":79,"column":5}},"loc":{"start":{"line":79,"column":22},"end":{"line":81,"column":5}},"line":79},"3":{"name":"(anonymous_3)","decl":{"start":{"line":82,"column":4},"end":{"line":82,"column":5}},"loc":{"start":{"line":82,"column":22},"end":{"line":84,"column":5}},"line":82},"4":{"name":"(anonymous_4)","decl":{"start":{"line":85,"column":4},"end":{"line":85,"column":5}},"loc":{"start":{"line":85,"column":25},"end":{"line":87,"column":5}},"line":85},"5":{"name":"(anonymous_5)","decl":{"start":{"line":88,"column":4},"end":{"line":88,"column":5}},"loc":{"start":{"line":88,"column":11},"end":{"line":119,"column":5}},"line":88},"6":{"name":"(anonymous_6)","decl":{"start":{"line":120,"column":4},"end":{"line":120,"column":5}},"loc":{"start":{"line":120,"column":12},"end":{"line":122,"column":5}},"line":120},"7":{"name":"(anonymous_7)","decl":{"start":{"line":123,"column":4},"end":{"line":123,"column":5}},"loc":{"start":{"line":123,"column":25},"end":{"line":201,"column":5}},"line":123},"8":{"name":"(anonymous_8)","decl":{"start":{"line":202,"column":4},"end":{"line":202,"column":5}},"loc":{"start":{"line":202,"column":40},"end":{"line":217,"column":5}},"line":202},"9":{"name":"(anonymous_9)","decl":{"start":{"line":219,"column":4},"end":{"line":219,"column":5}},"loc":{"start":{"line":219,"column":33},"end":{"line":221,"column":5}},"line":219},"10":{"name":"(anonymous_10)","decl":{"start":{"line":222,"column":4},"end":{"line":222,"column":5}},"loc":{"start":{"line":222,"column":43},"end":{"line":224,"column":5}},"line":222},"11":{"name":"(anonymous_11)","decl":{"start":{"line":225,"column":4},"end":{"line":225,"column":5}},"loc":{"start":{"line":225,"column":47},"end":{"line":227,"column":5}},"line":225},"12":{"name":"(anonymous_12)","decl":{"start":{"line":228,"column":4},"end":{"line":228,"column":5}},"loc":{"start":{"line":228,"column":37},"end":{"line":230,"column":5}},"line":228},"13":{"name":"(anonymous_13)","decl":{"start":{"line":231,"column":4},"end":{"line":231,"column":5}},"loc":{"start":{"line":231,"column":61},"end":{"line":258,"column":5}},"line":231},"14":{"name":"(anonymous_14)","decl":{"start":{"line":261,"column":4},"end":{"line":261,"column":5}},"loc":{"start":{"line":261,"column":22},"end":{"line":264,"column":5}},"line":261},"15":{"name":"(anonymous_15)","decl":{"start":{"line":266,"column":4},"end":{"line":266,"column":5}},"loc":{"start":{"line":266,"column":20},"end":{"line":270,"column":5}},"line":266},"16":{"name":"(anonymous_16)","decl":{"start":{"line":271,"column":4},"end":{"line":271,"column":5}},"loc":{"start":{"line":271,"column":18},"end":{"line":275,"column":5}},"line":271},"17":{"name":"(anonymous_17)","decl":{"start":{"line":276,"column":4},"end":{"line":276,"column":5}},"loc":{"start":{"line":276,"column":21},"end":{"line":289,"column":5}},"line":276},"18":{"name":"(anonymous_18)","decl":{"start":{"line":291,"column":4},"end":{"line":291,"column":5}},"loc":{"start":{"line":291,"column":37},"end":{"line":318,"column":5}},"line":291},"19":{"name":"(anonymous_19)","decl":{"start":{"line":320,"column":4},"end":{"line":320,"column":5}},"loc":{"start":{"line":320,"column":35},"end":{"line":487,"column":5}},"line":320},"20":{"name":"(anonymous_20)","decl":{"start":{"line":489,"column":4},"end":{"line":489,"column":5}},"loc":{"start":{"line":489,"column":31},"end":{"line":492,"column":5}},"line":489},"21":{"name":"(anonymous_21)","decl":{"start":{"line":494,"column":4},"end":{"line":494,"column":5}},"loc":{"start":{"line":494,"column":27},"end":{"line":496,"column":5}},"line":494},"22":{"name":"(anonymous_22)","decl":{"start":{"line":497,"column":4},"end":{"line":497,"column":5}},"loc":{"start":{"line":497,"column":31},"end":{"line":531,"column":5}},"line":497},"23":{"name":"(anonymous_23)","decl":{"start":{"line":532,"column":4},"end":{"line":532,"column":5}},"loc":{"start":{"line":532,"column":19},"end":{"line":538,"column":5}},"line":532}},"branchMap":{"0":{"loc":{"start":{"line":96,"column":8},"end":{"line":98,"column":9}},"type":"if","locations":[{"start":{"line":96,"column":8},"end":{"line":98,"column":9}},{"start":{"line":96,"column":8},"end":{"line":98,"column":9}}],"line":96},"1":{"loc":{"start":{"line":96,"column":12},"end":{"line":96,"column":144}},"type":"binary-expr","locations":[{"start":{"line":96,"column":12},"end":{"line":96,"column":42}},{"start":{"line":96,"column":46},"end":{"line":96,"column":76}},{"start":{"line":96,"column":80},"end":{"line":96,"column":110}},{"start":{"line":96,"column":114},"end":{"line":96,"column":144}}],"line":96},"2":{"loc":{"start":{"line":100,"column":8},"end":{"line":102,"column":9}},"type":"if","locations":[{"start":{"line":100,"column":8},"end":{"line":102,"column":9}},{"start":{"line":100,"column":8},"end":{"line":102,"column":9}}],"line":100},"3":{"loc":{"start":{"line":103,"column":8},"end":{"line":105,"column":9}},"type":"if","locations":[{"start":{"line":103,"column":8},"end":{"line":105,"column":9}},{"start":{"line":103,"column":8},"end":{"line":105,"column":9}}],"line":103},"4":{"loc":{"start":{"line":103,"column":12},"end":{"line":103,"column":139}},"type":"binary-expr","locations":[{"start":{"line":103,"column":12},"end":{"line":103,"column":48}},{"start":{"line":103,"column":52},"end":{"line":103,"column":91}},{"start":{"line":103,"column":95},"end":{"line":103,"column":139}}],"line":103},"5":{"loc":{"start":{"line":108,"column":8},"end":{"line":113,"column":9}},"type":"if","locations":[{"start":{"line":108,"column":8},"end":{"line":113,"column":9}},{"start":{"line":108,"column":8},"end":{"line":113,"column":9}}],"line":108},"6":{"loc":{"start":{"line":114,"column":8},"end":{"line":116,"column":9}},"type":"if","locations":[{"start":{"line":114,"column":8},"end":{"line":116,"column":9}},{"start":{"line":114,"column":8},"end":{"line":116,"column":9}}],"line":114},"7":{"loc":{"start":{"line":128,"column":8},"end":{"line":130,"column":9}},"type":"if","locations":[{"start":{"line":128,"column":8},"end":{"line":130,"column":9}},{"start":{"line":128,"column":8},"end":{"line":130,"column":9}}],"line":128},"8":{"loc":{"start":{"line":154,"column":12},"end":{"line":159,"column":13}},"type":"if","locations":[{"start":{"line":154,"column":12},"end":{"line":159,"column":13}},{"start":{"line":154,"column":12},"end":{"line":159,"column":13}}],"line":154},"9":{"loc":{"start":{"line":173,"column":12},"end":{"line":199,"column":13}},"type":"if","locations":[{"start":{"line":173,"column":12},"end":{"line":199,"column":13}},{"start":{"line":173,"column":12},"end":{"line":199,"column":13}}],"line":173},"10":{"loc":{"start":{"line":178,"column":16},"end":{"line":186,"column":17}},"type":"if","locations":[{"start":{"line":178,"column":16},"end":{"line":186,"column":17}},{"start":{"line":178,"column":16},"end":{"line":186,"column":17}}],"line":178},"11":{"loc":{"start":{"line":181,"column":21},"end":{"line":186,"column":17}},"type":"if","locations":[{"start":{"line":181,"column":21},"end":{"line":186,"column":17}},{"start":{"line":181,"column":21},"end":{"line":186,"column":17}}],"line":181},"12":{"loc":{"start":{"line":203,"column":8},"end":{"line":205,"column":9}},"type":"if","locations":[{"start":{"line":203,"column":8},"end":{"line":205,"column":9}},{"start":{"line":203,"column":8},"end":{"line":205,"column":9}}],"line":203},"13":{"loc":{"start":{"line":206,"column":8},"end":{"line":208,"column":9}},"type":"if","locations":[{"start":{"line":206,"column":8},"end":{"line":208,"column":9}},{"start":{"line":206,"column":8},"end":{"line":208,"column":9}}],"line":206},"14":{"loc":{"start":{"line":209,"column":8},"end":{"line":211,"column":9}},"type":"if","locations":[{"start":{"line":209,"column":8},"end":{"line":211,"column":9}},{"start":{"line":209,"column":8},"end":{"line":211,"column":9}}],"line":209},"15":{"loc":{"start":{"line":213,"column":8},"end":{"line":215,"column":9}},"type":"if","locations":[{"start":{"line":213,"column":8},"end":{"line":215,"column":9}},{"start":{"line":213,"column":8},"end":{"line":215,"column":9}}],"line":213},"16":{"loc":{"start":{"line":233,"column":8},"end":{"line":256,"column":9}},"type":"if","locations":[{"start":{"line":233,"column":8},"end":{"line":256,"column":9}},{"start":{"line":233,"column":8},"end":{"line":256,"column":9}}],"line":233},"17":{"loc":{"start":{"line":235,"column":12},"end":{"line":240,"column":13}},"type":"if","locations":[{"start":{"line":235,"column":12},"end":{"line":240,"column":13}},{"start":{"line":235,"column":12},"end":{"line":240,"column":13}}],"line":235},"18":{"loc":{"start":{"line":244,"column":12},"end":{"line":255,"column":13}},"type":"if","locations":[{"start":{"line":244,"column":12},"end":{"line":255,"column":13}},{"start":{"line":244,"column":12},"end":{"line":255,"column":13}}],"line":244},"19":{"loc":{"start":{"line":249,"column":16},"end":{"line":254,"column":17}},"type":"if","locations":[{"start":{"line":249,"column":16},"end":{"line":254,"column":17}},{"start":{"line":249,"column":16},"end":{"line":254,"column":17}}],"line":249},"20":{"loc":{"start":{"line":279,"column":8},"end":{"line":282,"column":9}},"type":"if","locations":[{"start":{"line":279,"column":8},"end":{"line":282,"column":9}},{"start":{"line":279,"column":8},"end":{"line":282,"column":9}}],"line":279},"21":{"loc":{"start":{"line":293,"column":8},"end":{"line":316,"column":9}},"type":"if","locations":[{"start":{"line":293,"column":8},"end":{"line":316,"column":9}},{"start":{"line":293,"column":8},"end":{"line":316,"column":9}}],"line":293},"22":{"loc":{"start":{"line":324,"column":8},"end":{"line":335,"column":9}},"type":"if","locations":[{"start":{"line":324,"column":8},"end":{"line":335,"column":9}},{"start":{"line":324,"column":8},"end":{"line":335,"column":9}}],"line":324},"23":{"loc":{"start":{"line":326,"column":12},"end":{"line":328,"column":13}},"type":"if","locations":[{"start":{"line":326,"column":12},"end":{"line":328,"column":13}},{"start":{"line":326,"column":12},"end":{"line":328,"column":13}}],"line":326},"24":{"loc":{"start":{"line":332,"column":12},"end":{"line":334,"column":13}},"type":"if","locations":[{"start":{"line":332,"column":12},"end":{"line":334,"column":13}},{"start":{"line":332,"column":12},"end":{"line":334,"column":13}}],"line":332},"25":{"loc":{"start":{"line":339,"column":8},"end":{"line":347,"column":9}},"type":"if","locations":[{"start":{"line":339,"column":8},"end":{"line":347,"column":9}},{"start":{"line":339,"column":8},"end":{"line":347,"column":9}}],"line":339},"26":{"loc":{"start":{"line":342,"column":13},"end":{"line":347,"column":9}},"type":"if","locations":[{"start":{"line":342,"column":13},"end":{"line":347,"column":9}},{"start":{"line":342,"column":13},"end":{"line":347,"column":9}}],"line":342},"27":{"loc":{"start":{"line":354,"column":15},"end":{"line":354,"column":132}},"type":"binary-expr","locations":[{"start":{"line":354,"column":16},"end":{"line":354,"column":35}},{"start":{"line":354,"column":39},"end":{"line":354,"column":58}},{"start":{"line":354,"column":62},"end":{"line":354,"column":71}},{"start":{"line":354,"column":77},"end":{"line":354,"column":96}},{"start":{"line":354,"column":100},"end":{"line":354,"column":119}},{"start":{"line":354,"column":123},"end":{"line":354,"column":131}}],"line":354},"28":{"loc":{"start":{"line":357,"column":12},"end":{"line":365,"column":13}},"type":"if","locations":[{"start":{"line":357,"column":12},"end":{"line":365,"column":13}},{"start":{"line":357,"column":12},"end":{"line":365,"column":13}}],"line":357},"29":{"loc":{"start":{"line":360,"column":17},"end":{"line":365,"column":13}},"type":"if","locations":[{"start":{"line":360,"column":17},"end":{"line":365,"column":13}},{"start":{"line":360,"column":17},"end":{"line":365,"column":13}}],"line":360},"30":{"loc":{"start":{"line":371,"column":12},"end":{"line":380,"column":13}},"type":"if","locations":[{"start":{"line":371,"column":12},"end":{"line":380,"column":13}},{"start":{"line":371,"column":12},"end":{"line":380,"column":13}}],"line":371},"31":{"loc":{"start":{"line":383,"column":12},"end":{"line":484,"column":13}},"type":"if","locations":[{"start":{"line":383,"column":12},"end":{"line":484,"column":13}},{"start":{"line":383,"column":12},"end":{"line":484,"column":13}}],"line":383},"32":{"loc":{"start":{"line":386,"column":20},"end":{"line":407,"column":21}},"type":"if","locations":[{"start":{"line":386,"column":20},"end":{"line":407,"column":21}},{"start":{"line":386,"column":20},"end":{"line":407,"column":21}}],"line":386},"33":{"loc":{"start":{"line":388,"column":24},"end":{"line":395,"column":25}},"type":"if","locations":[{"start":{"line":388,"column":24},"end":{"line":395,"column":25}},{"start":{"line":388,"column":24},"end":{"line":395,"column":25}}],"line":388},"34":{"loc":{"start":{"line":399,"column":24},"end":{"line":406,"column":25}},"type":"if","locations":[{"start":{"line":399,"column":24},"end":{"line":406,"column":25}},{"start":{"line":399,"column":24},"end":{"line":406,"column":25}}],"line":399},"35":{"loc":{"start":{"line":409,"column":16},"end":{"line":421,"column":17}},"type":"if","locations":[{"start":{"line":409,"column":16},"end":{"line":421,"column":17}},{"start":{"line":409,"column":16},"end":{"line":421,"column":17}}],"line":409},"36":{"loc":{"start":{"line":411,"column":20},"end":{"line":420,"column":21}},"type":"if","locations":[{"start":{"line":411,"column":20},"end":{"line":420,"column":21}},{"start":{"line":411,"column":20},"end":{"line":420,"column":21}}],"line":411},"37":{"loc":{"start":{"line":427,"column":20},"end":{"line":481,"column":21}},"type":"if","locations":[{"start":{"line":427,"column":20},"end":{"line":481,"column":21}},{"start":{"line":427,"column":20},"end":{"line":481,"column":21}}],"line":427},"38":{"loc":{"start":{"line":428,"column":24},"end":{"line":452,"column":25}},"type":"if","locations":[{"start":{"line":428,"column":24},"end":{"line":452,"column":25}},{"start":{"line":428,"column":24},"end":{"line":452,"column":25}}],"line":428},"39":{"loc":{"start":{"line":433,"column":28},"end":{"line":439,"column":29}},"type":"if","locations":[{"start":{"line":433,"column":28},"end":{"line":439,"column":29}},{"start":{"line":433,"column":28},"end":{"line":439,"column":29}}],"line":433},"40":{"loc":{"start":{"line":444,"column":28},"end":{"line":451,"column":29}},"type":"if","locations":[{"start":{"line":444,"column":28},"end":{"line":451,"column":29}},{"start":{"line":444,"column":28},"end":{"line":451,"column":29}}],"line":444},"41":{"loc":{"start":{"line":455,"column":24},"end":{"line":480,"column":25}},"type":"if","locations":[{"start":{"line":455,"column":24},"end":{"line":480,"column":25}},{"start":{"line":455,"column":24},"end":{"line":480,"column":25}}],"line":455},"42":{"loc":{"start":{"line":460,"column":28},"end":{"line":467,"column":29}},"type":"if","locations":[{"start":{"line":460,"column":28},"end":{"line":467,"column":29}},{"start":{"line":460,"column":28},"end":{"line":467,"column":29}}],"line":460},"43":{"loc":{"start":{"line":472,"column":28},"end":{"line":479,"column":29}},"type":"if","locations":[{"start":{"line":472,"column":28},"end":{"line":479,"column":29}},{"start":{"line":472,"column":28},"end":{"line":479,"column":29}}],"line":472},"44":{"loc":{"start":{"line":499,"column":8},"end":{"line":501,"column":9}},"type":"if","locations":[{"start":{"line":499,"column":8},"end":{"line":501,"column":9}},{"start":{"line":499,"column":8},"end":{"line":501,"column":9}}],"line":499},"45":{"loc":{"start":{"line":505,"column":8},"end":{"line":507,"column":9}},"type":"if","locations":[{"start":{"line":505,"column":8},"end":{"line":507,"column":9}},{"start":{"line":505,"column":8},"end":{"line":507,"column":9}}],"line":505},"46":{"loc":{"start":{"line":511,"column":8},"end":{"line":516,"column":9}},"type":"if","locations":[{"start":{"line":511,"column":8},"end":{"line":516,"column":9}},{"start":{"line":511,"column":8},"end":{"line":516,"column":9}}],"line":511},"47":{"loc":{"start":{"line":523,"column":12},"end":{"line":528,"column":13}},"type":"if","locations":[{"start":{"line":523,"column":12},"end":{"line":528,"column":13}},{"start":{"line":523,"column":12},"end":{"line":528,"column":13}}],"line":523}},"s":{"0":10,"1":10,"2":10,"3":10,"4":10,"5":10,"6":10,"7":10,"8":10,"9":10,"10":10,"11":10,"12":10,"13":10,"14":10,"15":10,"16":100,"17":100,"18":100,"19":100,"20":100,"21":7720,"22":8490,"23":10,"24":1630490,"25":100,"26":100,"27":100,"28":100,"29":100,"30":100,"31":0,"32":100,"33":0,"34":100,"35":0,"36":100,"37":100,"38":0,"39":100,"40":100,"41":0,"42":100,"43":100,"44":100,"45":100,"46":100,"47":100,"48":100,"49":100,"50":100,"51":100,"52":100,"53":100,"54":100,"55":100,"56":100,"57":2800,"58":2800,"59":2800,"60":2800,"61":2800,"62":2800,"63":2800,"64":2800,"65":2800,"66":2800,"67":2800,"68":2800,"69":1000,"70":1800,"71":2800,"72":2800,"73":100,"74":100,"75":100,"76":100,"77":100,"78":72450,"79":72450,"80":72450,"81":72450,"82":41900,"83":41900,"84":41900,"85":0,"86":41900,"87":350,"88":41550,"89":41900,"90":30550,"91":30550,"92":30550,"93":30550,"94":30550,"95":30550,"96":300,"97":150,"98":150,"99":0,"100":150,"101":0,"102":150,"103":150,"104":0,"105":150,"106":1122,"107":10,"108":125960,"109":9780,"110":128490,"111":128490,"112":118710,"113":118710,"114":34850,"115":83860,"116":9780,"117":9780,"118":2530,"119":7250,"120":7250,"121":0,"122":7250,"123":128490,"124":10,"125":10,"126":110,"127":110,"128":110,"129":3300,"130":3300,"131":10,"132":10,"133":10,"134":0,"135":0,"136":0,"137":0,"138":478780,"139":478780,"140":0,"141":0,"142":0,"143":0,"144":0,"145":0,"146":0,"147":0,"148":0,"149":0,"150":478780,"151":478780,"152":478780,"153":478780,"154":478780,"155":3351460,"156":3351460,"157":3351460,"158":478780,"159":11710,"160":0,"161":0,"162":0,"163":11710,"164":11710,"165":3990,"166":11710,"167":11710,"168":0,"169":11710,"170":9590,"171":2120,"172":11710,"173":11710,"174":11710,"175":11710,"176":11710,"177":11710,"178":26100,"179":0,"180":26100,"181":19180,"182":6920,"183":26100,"184":26100,"185":26100,"186":26100,"187":26100,"188":26100,"189":19180,"190":19180,"191":19180,"192":19180,"193":6920,"194":6920,"195":26100,"196":26100,"197":26100,"198":14390,"199":14390,"200":97310,"201":0,"202":0,"203":0,"204":0,"205":0,"206":0,"207":0,"208":97310,"209":97310,"210":11100,"211":11100,"212":11100,"213":11100,"214":11100,"215":14390,"216":3290,"217":0,"218":0,"219":0,"220":3290,"221":3290,"222":3290,"223":11710,"224":567880,"225":0,"226":0,"227":0,"228":0,"229":0,"230":0,"231":0,"232":0,"233":0,"234":0,"235":0,"236":0,"237":0,"238":0,"239":0,"240":0,"241":567880,"242":216500,"243":216500,"244":216500,"245":216500,"246":3990,"247":3990,"248":3990,"249":3990,"250":3990,"251":351380,"252":351380,"253":7720,"254":7720,"255":7720,"256":7720,"257":7720,"258":0,"259":0,"260":3990,"261":3990,"262":7720,"263":3050,"264":3050,"265":3050,"266":3050,"267":3050,"268":3050,"269":0,"270":3050,"271":3050,"272":3050,"273":0,"274":3050,"275":3050,"276":3050,"277":3050,"278":3050,"279":4880,"280":4880,"281":4880,"282":0,"283":4880,"284":3050,"285":0,"286":10,"287":10,"288":10,"289":10,"290":10,"291":10,"292":10,"293":10,"294":10,"295":10,"296":10,"297":10,"298":10,"299":10,"300":10,"301":10,"302":10,"303":10,"304":10,"305":10,"306":10,"307":10,"308":10,"309":10,"310":10},"f":{"0":100,"1":7720,"2":8490,"3":10,"4":1630490,"5":100,"6":100,"7":100,"8":300,"9":1122,"10":10,"11":125960,"12":9780,"13":128490,"14":10,"15":110,"16":3300,"17":10,"18":478780,"19":11710,"20":3990,"21":7720,"22":3050,"23":0},"b":{"0":[0,100],"1":[100,100,100,100],"2":[0,100],"3":[0,100],"4":[100,100,50],"5":[0,100],"6":[0,100],"7":[100,0],"8":[1000,1800],"9":[41900,30550],"10":[0,41900],"11":[350,41550],"12":[150,150],"13":[0,150],"14":[0,150],"15":[0,150],"16":[118710,9780],"17":[34850,83860],"18":[2530,7250],"19":[0,7250],"20":[10,0],"21":[0,478780],"22":[0,11710],"23":[0,0],"24":[3990,7720],"25":[0,11710],"26":[9590,2120],"27":[26100,18120,18120,7980,7980,7980],"28":[0,26100],"29":[19180,6920],"30":[19180,6920],"31":[14390,11710],"32":[0,97310],"33":[0,0],"34":[11100,86210],"35":[3290,11100],"36":[0,3290],"37":[0,567880],"38":[0,0],"39":[0,0],"40":[0,0],"41":[216500,351380],"42":[3990,212510],"43":[7720,343660],"44":[3050,0],"45":[0,3050],"46":[0,3050],"47":[0,4880]},"_coverageSchema":"332fd63041d2c1bcb487cc26dd0d5f7d97098a6c","hash":"3a1b0efddacfd79a7a62e7851664ae03e910fa30","contentHash":"11de5f31165f64ce6257e7f79e261069_11.4.1"},"/home/ed/projects/pst-extractor/src/app/PSTFile/NodeMap.class.ts":{"path":"/home/ed/projects/pst-extractor/src/app/PSTFile/NodeMap.class.ts","statementMap":{"0":{"start":{"line":2,"column":0},"end":{"line":2,"column":62}},"1":{"start":{"line":35,"column":20},"end":{"line":35,"column":43}},"2":{"start":{"line":36,"column":13},"end":{"line":36,"column":28}},"3":{"start":{"line":40,"column":8},"end":{"line":40,"column":34}},"4":{"start":{"line":41,"column":8},"end":{"line":41,"column":41}},"5":{"start":{"line":42,"column":8},"end":{"line":42,"column":40}},"6":{"start":{"line":45,"column":8},"end":{"line":58,"column":9}},"7":{"start":{"line":46,"column":23},"end":{"line":46,"column":50}},"8":{"start":{"line":47,"column":12},"end":{"line":47,"column":55}},"9":{"start":{"line":48,"column":12},"end":{"line":48,"column":51}},"10":{"start":{"line":49,"column":12},"end":{"line":49,"column":105}},"11":{"start":{"line":51,"column":13},"end":{"line":58,"column":9}},"12":{"start":{"line":52,"column":12},"end":{"line":52,"column":43}},"13":{"start":{"line":53,"column":12},"end":{"line":53,"column":49}},"14":{"start":{"line":54,"column":12},"end":{"line":54,"column":92}},"15":{"start":{"line":57,"column":12},"end":{"line":57,"column":75}},"16":{"start":{"line":62,"column":8},"end":{"line":70,"column":9}},"17":{"start":{"line":63,"column":12},"end":{"line":63,"column":75}},"18":{"start":{"line":65,"column":13},"end":{"line":70,"column":9}},"19":{"start":{"line":66,"column":12},"end":{"line":66,"column":40}},"20":{"start":{"line":69,"column":12},"end":{"line":69,"column":75}},"21":{"start":{"line":71,"column":8},"end":{"line":73,"column":9}},"22":{"start":{"line":72,"column":12},"end":{"line":72,"column":22}},"23":{"start":{"line":74,"column":8},"end":{"line":74,"column":18}},"24":{"start":{"line":77,"column":19},"end":{"line":77,"column":51}},"25":{"start":{"line":78,"column":8},"end":{"line":80,"column":9}},"26":{"start":{"line":79,"column":12},"end":{"line":79,"column":111}},"27":{"start":{"line":81,"column":8},"end":{"line":81,"column":20}},"28":{"start":{"line":84,"column":19},"end":{"line":84,"column":39}},"29":{"start":{"line":85,"column":8},"end":{"line":85,"column":34}},"30":{"start":{"line":86,"column":8},"end":{"line":86,"column":28}},"31":{"start":{"line":87,"column":8},"end":{"line":87,"column":20}},"32":{"start":{"line":90,"column":0},"end":{"line":90,"column":26}}},"fnMap":{"0":{"name":"(anonymous_0)","decl":{"start":{"line":39,"column":4},"end":{"line":39,"column":5}},"loc":{"start":{"line":39,"column":18},"end":{"line":43,"column":5}},"line":39},"1":{"name":"(anonymous_1)","decl":{"start":{"line":44,"column":4},"end":{"line":44,"column":5}},"loc":{"start":{"line":44,"column":28},"end":{"line":59,"column":5}},"line":44},"2":{"name":"(anonymous_2)","decl":{"start":{"line":60,"column":4},"end":{"line":60,"column":5}},"loc":{"start":{"line":60,"column":20},"end":{"line":75,"column":5}},"line":60},"3":{"name":"(anonymous_3)","decl":{"start":{"line":76,"column":4},"end":{"line":76,"column":5}},"loc":{"start":{"line":76,"column":27},"end":{"line":82,"column":5}},"line":76},"4":{"name":"(anonymous_4)","decl":{"start":{"line":83,"column":4},"end":{"line":83,"column":5}},"loc":{"start":{"line":83,"column":27},"end":{"line":88,"column":5}},"line":83}},"branchMap":{"0":{"loc":{"start":{"line":45,"column":8},"end":{"line":58,"column":9}},"type":"if","locations":[{"start":{"line":45,"column":8},"end":{"line":58,"column":9}},{"start":{"line":45,"column":8},"end":{"line":58,"column":9}}],"line":45},"1":{"loc":{"start":{"line":51,"column":13},"end":{"line":58,"column":9}},"type":"if","locations":[{"start":{"line":51,"column":13},"end":{"line":58,"column":9}},{"start":{"line":51,"column":13},"end":{"line":58,"column":9}}],"line":51},"2":{"loc":{"start":{"line":62,"column":8},"end":{"line":70,"column":9}},"type":"if","locations":[{"start":{"line":62,"column":8},"end":{"line":70,"column":9}},{"start":{"line":62,"column":8},"end":{"line":70,"column":9}}],"line":62},"3":{"loc":{"start":{"line":65,"column":13},"end":{"line":70,"column":9}},"type":"if","locations":[{"start":{"line":65,"column":13},"end":{"line":70,"column":9}},{"start":{"line":65,"column":13},"end":{"line":70,"column":9}}],"line":65},"4":{"loc":{"start":{"line":71,"column":8},"end":{"line":73,"column":9}},"type":"if","locations":[{"start":{"line":71,"column":8},"end":{"line":73,"column":9}},{"start":{"line":71,"column":8},"end":{"line":73,"column":9}}],"line":71},"5":{"loc":{"start":{"line":78,"column":8},"end":{"line":80,"column":9}},"type":"if","locations":[{"start":{"line":78,"column":8},"end":{"line":80,"column":9}},{"start":{"line":78,"column":8},"end":{"line":80,"column":9}}],"line":78}},"s":{"0":10,"1":10,"2":10,"3":10,"4":10,"5":10,"6":72450,"7":41900,"8":41900,"9":41900,"10":41900,"11":30550,"12":30550,"13":30550,"14":30550,"15":0,"16":1132,"17":1122,"18":10,"19":10,"20":0,"21":1132,"22":0,"23":1132,"24":9780,"25":9780,"26":2530,"27":9780,"28":43022,"29":43022,"30":43022,"31":43022,"32":10},"f":{"0":10,"1":72450,"2":1132,"3":9780,"4":43022},"b":{"0":[41900,30550],"1":[30550,0],"2":[1122,10],"3":[10,0],"4":[0,1132],"5":[2530,7250]},"_coverageSchema":"332fd63041d2c1bcb487cc26dd0d5f7d97098a6c","hash":"d5eea2a76be2ab3747b0ac1052230fafbe64f4ca","contentHash":"a31226b6e41312b113b91c3da4e8c018_11.4.1"},"/home/ed/projects/pst-extractor/src/app/Log.class.ts":{"path":"/home/ed/projects/pst-extractor/src/app/Log.class.ts","statementMap":{"0":{"start":{"line":2,"column":0},"end":{"line":2,"column":62}},"1":{"start":{"line":3,"column":14},"end":{"line":3,"column":32}},"2":{"start":{"line":6,"column":8},"end":{"line":6,"column":28}},"3":{"start":{"line":9,"column":8},"end":{"line":9,"column":27}},"4":{"start":{"line":12,"column":8},"end":{"line":12,"column":29}},"5":{"start":{"line":15,"column":8},"end":{"line":15,"column":29}},"6":{"start":{"line":18,"column":0},"end":{"line":23,"column":2}},"7":{"start":{"line":24,"column":0},"end":{"line":29,"column":2}},"8":{"start":{"line":30,"column":0},"end":{"line":38,"column":3}},"9":{"start":{"line":39,"column":0},"end":{"line":39,"column":18}}},"fnMap":{"0":{"name":"(anonymous_0)","decl":{"start":{"line":5,"column":4},"end":{"line":5,"column":5}},"loc":{"start":{"line":5,"column":20},"end":{"line":7,"column":5}},"line":5},"1":{"name":"(anonymous_1)","decl":{"start":{"line":8,"column":4},"end":{"line":8,"column":5}},"loc":{"start":{"line":8,"column":19},"end":{"line":10,"column":5}},"line":8},"2":{"name":"(anonymous_2)","decl":{"start":{"line":11,"column":4},"end":{"line":11,"column":5}},"loc":{"start":{"line":11,"column":21},"end":{"line":13,"column":5}},"line":11},"3":{"name":"(anonymous_3)","decl":{"start":{"line":14,"column":4},"end":{"line":14,"column":5}},"loc":{"start":{"line":14,"column":21},"end":{"line":16,"column":5}},"line":14}},"branchMap":{},"s":{"0":10,"1":10,"2":0,"3":0,"4":0,"5":248810,"6":10,"7":10,"8":10,"9":10},"f":{"0":0,"1":0,"2":0,"3":248810},"b":{},"_coverageSchema":"332fd63041d2c1bcb487cc26dd0d5f7d97098a6c","hash":"6b38aafb1ff67875beb943192588b9641ca96ea3","contentHash":"847c6434e14fab793d46b115e34b7c96_11.4.1"},"/home/ed/projects/pst-extractor/src/app/PSTFolder/PSTFolder.class.ts":{"path":"/home/ed/projects/pst-extractor/src/app/PSTFolder/PSTFolder.class.ts","statementMap":{"0":{"start":{"line":2,"column":0},"end":{"line":2,"column":62}},"1":{"start":{"line":35,"column":24},"end":{"line":35,"column":61}},"2":{"start":{"line":36,"column":26},"end":{"line":36,"column":67}},"3":{"start":{"line":37,"column":27},"end":{"line":37,"column":68}},"4":{"start":{"line":38,"column":35},"end":{"line":38,"column":92}},"5":{"start":{"line":39,"column":13},"end":{"line":39,"column":28}},"6":{"start":{"line":40,"column":20},"end":{"line":40,"column":43}},"7":{"start":{"line":46,"column":8},"end":{"line":46,"column":16}},"8":{"start":{"line":47,"column":8},"end":{"line":47,"column":36}},"9":{"start":{"line":48,"column":8},"end":{"line":48,"column":35}},"10":{"start":{"line":49,"column":8},"end":{"line":49,"column":32}},"11":{"start":{"line":50,"column":8},"end":{"line":50,"column":40}},"12":{"start":{"line":51,"column":8},"end":{"line":58,"column":9}},"13":{"start":{"line":53,"column":12},"end":{"line":53,"column":88}},"14":{"start":{"line":57,"column":12},"end":{"line":57,"column":62}},"15":{"start":{"line":63,"column":21},"end":{"line":63,"column":23}},"16":{"start":{"line":64,"column":8},"end":{"line":76,"column":9}},"17":{"start":{"line":65,"column":12},"end":{"line":65,"column":39}},"18":{"start":{"line":66,"column":29},"end":{"line":66,"column":60}},"19":{"start":{"line":67,"column":12},"end":{"line":71,"column":13}},"20":{"start":{"line":68,"column":27},"end":{"line":68,"column":45}},"21":{"start":{"line":69,"column":29},"end":{"line":69,"column":132}},"22":{"start":{"line":70,"column":16},"end":{"line":70,"column":36}},"23":{"start":{"line":74,"column":12},"end":{"line":74,"column":130}},"24":{"start":{"line":75,"column":12},"end":{"line":75,"column":22}},"25":{"start":{"line":77,"column":8},"end":{"line":77,"column":22}},"26":{"start":{"line":80,"column":8},"end":{"line":82,"column":9}},"27":{"start":{"line":81,"column":12},"end":{"line":81,"column":19}},"28":{"start":{"line":83,"column":36},"end":{"line":83,"column":102}},"29":{"start":{"line":84,"column":8},"end":{"line":97,"column":9}},"30":{"start":{"line":85,"column":35},"end":{"line":85,"column":93}},"31":{"start":{"line":86,"column":22},"end":{"line":86,"column":26}},"32":{"start":{"line":87,"column":12},"end":{"line":89,"column":13}},"33":{"start":{"line":88,"column":16},"end":{"line":88,"column":113}},"34":{"start":{"line":90,"column":34},"end":{"line":90,"column":109}},"35":{"start":{"line":91,"column":37},"end":{"line":91,"column":117}},"36":{"start":{"line":92,"column":12},"end":{"line":92,"column":94}},"37":{"start":{"line":95,"column":12},"end":{"line":95,"column":136}},"38":{"start":{"line":96,"column":12},"end":{"line":96,"column":22}},"39":{"start":{"line":101,"column":8},"end":{"line":103,"column":9}},"40":{"start":{"line":102,"column":12},"end":{"line":102,"column":19}},"41":{"start":{"line":105,"column":8},"end":{"line":107,"column":9}},"42":{"start":{"line":106,"column":12},"end":{"line":106,"column":19}},"43":{"start":{"line":108,"column":8},"end":{"line":122,"column":9}},"44":{"start":{"line":109,"column":40},"end":{"line":109,"column":90}},"45":{"start":{"line":110,"column":35},"end":{"line":110,"column":110}},"46":{"start":{"line":111,"column":22},"end":{"line":111,"column":26}},"47":{"start":{"line":112,"column":12},"end":{"line":114,"column":13}},"48":{"start":{"line":113,"column":16},"end":{"line":113,"column":113}},"49":{"start":{"line":115,"column":36},"end":{"line":115,"column":111}},"50":{"start":{"line":116,"column":39},"end":{"line":116,"column":119}},"51":{"start":{"line":117,"column":12},"end":{"line":117,"column":98}},"52":{"start":{"line":120,"column":12},"end":{"line":120,"column":132}},"53":{"start":{"line":121,"column":12},"end":{"line":121,"column":22}},"54":{"start":{"line":126,"column":8},"end":{"line":126,"column":31}},"55":{"start":{"line":127,"column":8},"end":{"line":154,"column":9}},"56":{"start":{"line":128,"column":12},"end":{"line":131,"column":13}},"57":{"start":{"line":130,"column":16},"end":{"line":130,"column":28}},"58":{"start":{"line":133,"column":23},"end":{"line":133,"column":75}},"59":{"start":{"line":134,"column":27},"end":{"line":134,"column":46}},"60":{"start":{"line":135,"column":12},"end":{"line":138,"column":13}},"61":{"start":{"line":137,"column":16},"end":{"line":137,"column":28}},"62":{"start":{"line":139,"column":34},"end":{"line":139,"column":116}},"63":{"start":{"line":140,"column":24},"end":{"line":140,"column":101}},"64":{"start":{"line":141,"column":12},"end":{"line":141,"column":37}},"65":{"start":{"line":142,"column":12},"end":{"line":142,"column":25}},"66":{"start":{"line":144,"column":13},"end":{"line":154,"column":9}},"67":{"start":{"line":145,"column":12},"end":{"line":148,"column":13}},"68":{"start":{"line":147,"column":16},"end":{"line":147,"column":28}},"69":{"start":{"line":150,"column":34},"end":{"line":150,"column":82}},"70":{"start":{"line":151,"column":24},"end":{"line":151,"column":101}},"71":{"start":{"line":152,"column":12},"end":{"line":152,"column":37}},"72":{"start":{"line":153,"column":12},"end":{"line":153,"column":25}},"73":{"start":{"line":155,"column":8},"end":{"line":155,"column":20}},"74":{"start":{"line":160,"column":8},"end":{"line":160,"column":31}},"75":{"start":{"line":161,"column":8},"end":{"line":164,"column":9}},"76":{"start":{"line":162,"column":12},"end":{"line":162,"column":39}},"77":{"start":{"line":163,"column":12},"end":{"line":163,"column":19}},"78":{"start":{"line":165,"column":8},"end":{"line":167,"column":9}},"79":{"start":{"line":166,"column":12},"end":{"line":166,"column":41}},"80":{"start":{"line":168,"column":8},"end":{"line":168,"column":42}},"81":{"start":{"line":172,"column":8},"end":{"line":172,"column":35}},"82":{"start":{"line":173,"column":8},"end":{"line":178,"column":9}},"83":{"start":{"line":174,"column":12},"end":{"line":174,"column":49}},"84":{"start":{"line":177,"column":12},"end":{"line":177,"column":21}},"85":{"start":{"line":182,"column":8},"end":{"line":182,"column":31}},"86":{"start":{"line":183,"column":8},"end":{"line":185,"column":9}},"87":{"start":{"line":184,"column":12},"end":{"line":184,"column":22}},"88":{"start":{"line":186,"column":8},"end":{"line":186,"column":41}},"89":{"start":{"line":189,"column":8},"end":{"line":189,"column":39}},"90":{"start":{"line":194,"column":8},"end":{"line":194,"column":39}},"91":{"start":{"line":198,"column":8},"end":{"line":198,"column":39}},"92":{"start":{"line":204,"column":8},"end":{"line":204,"column":44}},"93":{"start":{"line":207,"column":8},"end":{"line":207,"column":42}},"94":{"start":{"line":210,"column":8},"end":{"line":210,"column":39}},"95":{"start":{"line":213,"column":8},"end":{"line":213,"column":39}},"96":{"start":{"line":216,"column":8},"end":{"line":229,"column":34}},"97":{"start":{"line":232,"column":0},"end":{"line":232,"column":30}}},"fnMap":{"0":{"name":"(anonymous_0)","decl":{"start":{"line":45,"column":4},"end":{"line":45,"column":5}},"loc":{"start":{"line":45,"column":75},"end":{"line":59,"column":5}},"line":45},"1":{"name":"(anonymous_1)","decl":{"start":{"line":62,"column":4},"end":{"line":62,"column":5}},"loc":{"start":{"line":62,"column":20},"end":{"line":78,"column":5}},"line":62},"2":{"name":"(anonymous_2)","decl":{"start":{"line":79,"column":4},"end":{"line":79,"column":5}},"loc":{"start":{"line":79,"column":26},"end":{"line":98,"column":5}},"line":79},"3":{"name":"(anonymous_3)","decl":{"start":{"line":100,"column":4},"end":{"line":100,"column":5}},"loc":{"start":{"line":100,"column":22},"end":{"line":123,"column":5}},"line":100},"4":{"name":"(anonymous_4)","decl":{"start":{"line":125,"column":4},"end":{"line":125,"column":5}},"loc":{"start":{"line":125,"column":19},"end":{"line":156,"column":5}},"line":125},"5":{"name":"(anonymous_5)","decl":{"start":{"line":159,"column":4},"end":{"line":159,"column":5}},"loc":{"start":{"line":159,"column":32},"end":{"line":169,"column":5}},"line":159},"6":{"name":"(anonymous_6)","decl":{"start":{"line":171,"column":4},"end":{"line":171,"column":5}},"loc":{"start":{"line":171,"column":25},"end":{"line":179,"column":5}},"line":171},"7":{"name":"(anonymous_7)","decl":{"start":{"line":181,"column":4},"end":{"line":181,"column":5}},"loc":{"start":{"line":181,"column":21},"end":{"line":187,"column":5}},"line":181},"8":{"name":"(anonymous_8)","decl":{"start":{"line":188,"column":4},"end":{"line":188,"column":5}},"loc":{"start":{"line":188,"column":21},"end":{"line":190,"column":5}},"line":188},"9":{"name":"(anonymous_9)","decl":{"start":{"line":193,"column":4},"end":{"line":193,"column":5}},"loc":{"start":{"line":193,"column":23},"end":{"line":195,"column":5}},"line":193},"10":{"name":"(anonymous_10)","decl":{"start":{"line":197,"column":4},"end":{"line":197,"column":5}},"loc":{"start":{"line":197,"column":22},"end":{"line":199,"column":5}},"line":197},"11":{"name":"(anonymous_11)","decl":{"start":{"line":203,"column":4},"end":{"line":203,"column":5}},"loc":{"start":{"line":203,"column":24},"end":{"line":205,"column":5}},"line":203},"12":{"name":"(anonymous_12)","decl":{"start":{"line":206,"column":4},"end":{"line":206,"column":5}},"loc":{"start":{"line":206,"column":25},"end":{"line":208,"column":5}},"line":206},"13":{"name":"(anonymous_13)","decl":{"start":{"line":209,"column":4},"end":{"line":209,"column":5}},"loc":{"start":{"line":209,"column":32},"end":{"line":211,"column":5}},"line":209},"14":{"name":"(anonymous_14)","decl":{"start":{"line":212,"column":4},"end":{"line":212,"column":5}},"loc":{"start":{"line":212,"column":25},"end":{"line":214,"column":5}},"line":212},"15":{"name":"(anonymous_15)","decl":{"start":{"line":215,"column":4},"end":{"line":215,"column":5}},"loc":{"start":{"line":215,"column":19},"end":{"line":230,"column":5}},"line":215}},"branchMap":{"0":{"loc":{"start":{"line":51,"column":8},"end":{"line":58,"column":9}},"type":"if","locations":[{"start":{"line":51,"column":8},"end":{"line":58,"column":9}},{"start":{"line":51,"column":8},"end":{"line":58,"column":9}}],"line":51},"1":{"loc":{"start":{"line":80,"column":8},"end":{"line":82,"column":9}},"type":"if","locations":[{"start":{"line":80,"column":8},"end":{"line":82,"column":9}},{"start":{"line":80,"column":8},"end":{"line":82,"column":9}}],"line":80},"2":{"loc":{"start":{"line":87,"column":12},"end":{"line":89,"column":13}},"type":"if","locations":[{"start":{"line":87,"column":12},"end":{"line":89,"column":13}},{"start":{"line":87,"column":12},"end":{"line":89,"column":13}}],"line":87},"3":{"loc":{"start":{"line":101,"column":8},"end":{"line":103,"column":9}},"type":"if","locations":[{"start":{"line":101,"column":8},"end":{"line":103,"column":9}},{"start":{"line":101,"column":8},"end":{"line":103,"column":9}}],"line":101},"4":{"loc":{"start":{"line":101,"column":12},"end":{"line":101,"column":72}},"type":"binary-expr","locations":[{"start":{"line":101,"column":12},"end":{"line":101,"column":36}},{"start":{"line":101,"column":40},"end":{"line":101,"column":72}}],"line":101},"5":{"loc":{"start":{"line":105,"column":8},"end":{"line":107,"column":9}},"type":"if","locations":[{"start":{"line":105,"column":8},"end":{"line":107,"column":9}},{"start":{"line":105,"column":8},"end":{"line":107,"column":9}}],"line":105},"6":{"loc":{"start":{"line":112,"column":12},"end":{"line":114,"column":13}},"type":"if","locations":[{"start":{"line":112,"column":12},"end":{"line":114,"column":13}},{"start":{"line":112,"column":12},"end":{"line":114,"column":13}}],"line":112},"7":{"loc":{"start":{"line":127,"column":8},"end":{"line":154,"column":9}},"type":"if","locations":[{"start":{"line":127,"column":8},"end":{"line":154,"column":9}},{"start":{"line":127,"column":8},"end":{"line":154,"column":9}}],"line":127},"8":{"loc":{"start":{"line":128,"column":12},"end":{"line":131,"column":13}},"type":"if","locations":[{"start":{"line":128,"column":12},"end":{"line":131,"column":13}},{"start":{"line":128,"column":12},"end":{"line":131,"column":13}}],"line":128},"9":{"loc":{"start":{"line":135,"column":12},"end":{"line":138,"column":13}},"type":"if","locations":[{"start":{"line":135,"column":12},"end":{"line":138,"column":13}},{"start":{"line":135,"column":12},"end":{"line":138,"column":13}}],"line":135},"10":{"loc":{"start":{"line":144,"column":13},"end":{"line":154,"column":9}},"type":"if","locations":[{"start":{"line":144,"column":13},"end":{"line":154,"column":9}},{"start":{"line":144,"column":13},"end":{"line":154,"column":9}}],"line":144},"11":{"loc":{"start":{"line":145,"column":12},"end":{"line":148,"column":13}},"type":"if","locations":[{"start":{"line":145,"column":12},"end":{"line":148,"column":13}},{"start":{"line":145,"column":12},"end":{"line":148,"column":13}}],"line":145},"12":{"loc":{"start":{"line":145,"column":16},"end":{"line":145,"column":120}},"type":"binary-expr","locations":[{"start":{"line":145,"column":16},"end":{"line":145,"column":59}},{"start":{"line":145,"column":63},"end":{"line":145,"column":120}}],"line":145},"13":{"loc":{"start":{"line":161,"column":8},"end":{"line":164,"column":9}},"type":"if","locations":[{"start":{"line":161,"column":8},"end":{"line":164,"column":9}},{"start":{"line":161,"column":8},"end":{"line":164,"column":9}}],"line":161},"14":{"loc":{"start":{"line":165,"column":8},"end":{"line":167,"column":9}},"type":"if","locations":[{"start":{"line":165,"column":8},"end":{"line":167,"column":9}},{"start":{"line":165,"column":8},"end":{"line":167,"column":9}}],"line":165},"15":{"loc":{"start":{"line":173,"column":8},"end":{"line":178,"column":9}},"type":"if","locations":[{"start":{"line":173,"column":8},"end":{"line":178,"column":9}},{"start":{"line":173,"column":8},"end":{"line":178,"column":9}}],"line":173},"16":{"loc":{"start":{"line":183,"column":8},"end":{"line":185,"column":9}},"type":"if","locations":[{"start":{"line":183,"column":8},"end":{"line":185,"column":9}},{"start":{"line":183,"column":8},"end":{"line":185,"column":9}}],"line":183}},"s":{"0":10,"1":10,"2":10,"3":10,"4":10,"5":10,"6":10,"7":3180,"8":3180,"9":3180,"10":3180,"11":3180,"12":3180,"13":3070,"14":110,"15":350,"16":350,"17":350,"18":350,"19":350,"20":3070,"21":3070,"22":3070,"23":0,"24":0,"25":350,"26":410,"27":90,"28":320,"29":320,"30":320,"31":320,"32":320,"33":170,"34":320,"35":320,"36":320,"37":0,"38":0,"39":290,"40":160,"41":130,"42":0,"43":130,"44":130,"45":130,"46":130,"47":130,"48":130,"49":130,"50":130,"51":130,"52":0,"53":0,"54":250,"55":250,"56":250,"57":0,"58":250,"59":250,"60":250,"61":0,"62":250,"63":250,"64":250,"65":250,"66":0,"67":0,"68":0,"69":0,"70":0,"71":0,"72":0,"73":0,"74":30,"75":30,"76":10,"77":10,"78":20,"79":10,"80":20,"81":60,"82":60,"83":60,"84":0,"85":10,"86":10,"87":0,"88":10,"89":10,"90":290,"91":10,"92":20,"93":10,"94":10,"95":10,"96":0,"97":10},"f":{"0":3180,"1":350,"2":410,"3":290,"4":250,"5":30,"6":60,"7":10,"8":10,"9":290,"10":10,"11":20,"12":10,"13":10,"14":10,"15":0},"b":{"0":[3070,110],"1":[90,320],"2":[170,150],"3":[160,130],"4":[290,130],"5":[0,130],"6":[130,0],"7":[250,0],"8":[0,250],"9":[0,250],"10":[0,0],"11":[0,0],"12":[0,0],"13":[10,20],"14":[10,10],"15":[60,0],"16":[0,10]},"_coverageSchema":"332fd63041d2c1bcb487cc26dd0d5f7d97098a6c","hash":"9cd5a4aa32ba1c49be6f09208f460e64ebf11d7f","contentHash":"fdb95be4810f5898604c037b9263478c_11.4.1"},"/home/ed/projects/pst-extractor/src/app/PSTUtil/PSTUtil.class.ts":{"path":"/home/ed/projects/pst-extractor/src/app/PSTUtil/PSTUtil.class.ts","statementMap":{"0":{"start":{"line":2,"column":0},"end":{"line":2,"column":62}},"1":{"start":{"line":35,"column":23},"end":{"line":35,"column":58}},"2":{"start":{"line":36,"column":28},"end":{"line":36,"column":73}},"3":{"start":{"line":37,"column":27},"end":{"line":37,"column":68}},"4":{"start":{"line":38,"column":35},"end":{"line":38,"column":92}},"5":{"start":{"line":39,"column":26},"end":{"line":39,"column":65}},"6":{"start":{"line":40,"column":27},"end":{"line":40,"column":68}},"7":{"start":{"line":41,"column":20},"end":{"line":41,"column":43}},"8":{"start":{"line":42,"column":31},"end":{"line":42,"column":80}},"9":{"start":{"line":43,"column":27},"end":{"line":43,"column":68}},"10":{"start":{"line":44,"column":24},"end":{"line":44,"column":59}},"11":{"start":{"line":45,"column":13},"end":{"line":45,"column":28}},"12":{"start":{"line":51,"column":8},"end":{"line":53,"column":9}},"13":{"start":{"line":52,"column":12},"end":{"line":52,"column":22}},"14":{"start":{"line":54,"column":8},"end":{"line":56,"column":9}},"15":{"start":{"line":55,"column":12},"end":{"line":55,"column":30}},"16":{"start":{"line":57,"column":21},"end":{"line":57,"column":58}},"17":{"start":{"line":59,"column":8},"end":{"line":63,"column":9}},"18":{"start":{"line":60,"column":12},"end":{"line":60,"column":41}},"19":{"start":{"line":61,"column":12},"end":{"line":61,"column":59}},"20":{"start":{"line":62,"column":12},"end":{"line":62,"column":46}},"21":{"start":{"line":64,"column":8},"end":{"line":64,"column":22}},"22":{"start":{"line":69,"column":8},"end":{"line":71,"column":9}},"23":{"start":{"line":70,"column":12},"end":{"line":70,"column":22}},"24":{"start":{"line":72,"column":8},"end":{"line":74,"column":9}},"25":{"start":{"line":73,"column":12},"end":{"line":73,"column":30}},"26":{"start":{"line":75,"column":21},"end":{"line":75,"column":30}},"27":{"start":{"line":76,"column":8},"end":{"line":80,"column":9}},"28":{"start":{"line":77,"column":12},"end":{"line":77,"column":41}},"29":{"start":{"line":78,"column":31},"end":{"line":78,"column":62}},"30":{"start":{"line":79,"column":12},"end":{"line":79,"column":46}},"31":{"start":{"line":81,"column":8},"end":{"line":81,"column":22}},"32":{"start":{"line":85,"column":8},"end":{"line":85,"column":46}},"33":{"start":{"line":88,"column":8},"end":{"line":97,"column":9}},"34":{"start":{"line":89,"column":12},"end":{"line":92,"column":13}},"35":{"start":{"line":91,"column":16},"end":{"line":91,"column":67}},"36":{"start":{"line":95,"column":12},"end":{"line":95,"column":101}},"37":{"start":{"line":96,"column":12},"end":{"line":96,"column":22}},"38":{"start":{"line":102,"column":16},"end":{"line":102,"column":22}},"39":{"start":{"line":103,"column":16},"end":{"line":103,"column":23}},"40":{"start":{"line":104,"column":16},"end":{"line":104,"column":17}},"41":{"start":{"line":105,"column":8},"end":{"line":107,"column":9}},"42":{"start":{"line":106,"column":12},"end":{"line":106,"column":33}},"43":{"start":{"line":112,"column":8},"end":{"line":115,"column":9}},"44":{"start":{"line":113,"column":12},"end":{"line":113,"column":34}},"45":{"start":{"line":114,"column":12},"end":{"line":114,"column":41}},"46":{"start":{"line":116,"column":8},"end":{"line":116,"column":20}},"47":{"start":{"line":119,"column":30},"end":{"line":119,"column":33}},"48":{"start":{"line":120,"column":8},"end":{"line":122,"column":9}},"49":{"start":{"line":121,"column":12},"end":{"line":121,"column":66}},"50":{"start":{"line":123,"column":22},"end":{"line":123,"column":65}},"51":{"start":{"line":124,"column":8},"end":{"line":139,"column":9}},"52":{"start":{"line":125,"column":24},"end":{"line":125,"column":188}},"53":{"start":{"line":126,"column":39},"end":{"line":126,"column":43}},"54":{"start":{"line":127,"column":12},"end":{"line":129,"column":13}},"55":{"start":{"line":128,"column":16},"end":{"line":128,"column":124}},"56":{"start":{"line":130,"column":12},"end":{"line":135,"column":13}},"57":{"start":{"line":131,"column":16},"end":{"line":131,"column":110}},"58":{"start":{"line":134,"column":16},"end":{"line":134,"column":117}},"59":{"start":{"line":138,"column":12},"end":{"line":138,"column":155}},"60":{"start":{"line":144,"column":19},"end":{"line":144,"column":47}},"61":{"start":{"line":145,"column":27},"end":{"line":145,"column":29}},"62":{"start":{"line":146,"column":8},"end":{"line":148,"column":9}},"63":{"start":{"line":147,"column":12},"end":{"line":147,"column":49}},"64":{"start":{"line":149,"column":8},"end":{"line":242,"column":9}},"65":{"start":{"line":154,"column":26},"end":{"line":154,"column":114}},"66":{"start":{"line":159,"column":16},"end":{"line":159,"column":27}},"67":{"start":{"line":168,"column":26},"end":{"line":168,"column":122}},"68":{"start":{"line":170,"column":16},"end":{"line":170,"column":27}},"69":{"start":{"line":173,"column":30},"end":{"line":173,"column":118}},"70":{"start":{"line":175,"column":16},"end":{"line":175,"column":31}},"71":{"start":{"line":178,"column":27},"end":{"line":178,"column":109}},"72":{"start":{"line":180,"column":16},"end":{"line":180,"column":28}},"73":{"start":{"line":183,"column":31},"end":{"line":183,"column":121}},"74":{"start":{"line":185,"column":16},"end":{"line":185,"column":32}},"75":{"start":{"line":189,"column":26},"end":{"line":189,"column":106}},"76":{"start":{"line":191,"column":16},"end":{"line":191,"column":27}},"77":{"start":{"line":195,"column":25},"end":{"line":195,"column":113}},"78":{"start":{"line":197,"column":16},"end":{"line":197,"column":26}},"79":{"start":{"line":202,"column":26},"end":{"line":202,"column":114}},"80":{"start":{"line":204,"column":16},"end":{"line":204,"column":27}},"81":{"start":{"line":207,"column":30},"end":{"line":207,"column":118}},"82":{"start":{"line":209,"column":16},"end":{"line":209,"column":31}},"83":{"start":{"line":212,"column":26},"end":{"line":212,"column":114}},"84":{"start":{"line":214,"column":16},"end":{"line":214,"column":27}},"85":{"start":{"line":217,"column":29},"end":{"line":217,"column":117}},"86":{"start":{"line":219,"column":16},"end":{"line":219,"column":30}},"87":{"start":{"line":223,"column":16},"end":{"line":223,"column":107}},"88":{"start":{"line":224,"column":16},"end":{"line":224,"column":112}},"89":{"start":{"line":228,"column":16},"end":{"line":228,"column":108}},"90":{"start":{"line":229,"column":16},"end":{"line":229,"column":112}},"91":{"start":{"line":233,"column":16},"end":{"line":233,"column":114}},"92":{"start":{"line":234,"column":16},"end":{"line":234,"column":112}},"93":{"start":{"line":238,"column":16},"end":{"line":238,"column":104}},"94":{"start":{"line":239,"column":16},"end":{"line":239,"column":112}},"95":{"start":{"line":241,"column":16},"end":{"line":241,"column":122}},"96":{"start":{"line":243,"column":8},"end":{"line":243,"column":104}},"97":{"start":{"line":254,"column":16},"end":{"line":254,"column":32}},"98":{"start":{"line":255,"column":16},"end":{"line":255,"column":35}},"99":{"start":{"line":256,"column":23},"end":{"line":256,"column":30}},"100":{"start":{"line":257,"column":32},"end":{"line":257,"column":58}},"101":{"start":{"line":258,"column":25},"end":{"line":258,"column":57}},"102":{"start":{"line":259,"column":32},"end":{"line":259,"column":70}},"103":{"start":{"line":260,"column":8},"end":{"line":260,"column":54}},"104":{"start":{"line":264,"column":0},"end":{"line":521,"column":2}},"105":{"start":{"line":522,"column":0},"end":{"line":558,"column":3}},"106":{"start":{"line":560,"column":0},"end":{"line":705,"column":3}},"107":{"start":{"line":707,"column":0},"end":{"line":707,"column":28}},"108":{"start":{"line":709,"column":0},"end":{"line":709,"column":33}},"109":{"start":{"line":711,"column":0},"end":{"line":711,"column":38}},"110":{"start":{"line":713,"column":0},"end":{"line":713,"column":38}},"111":{"start":{"line":715,"column":0},"end":{"line":715,"column":39}},"112":{"start":{"line":717,"column":0},"end":{"line":717,"column":35}},"113":{"start":{"line":719,"column":0},"end":{"line":719,"column":44}},"114":{"start":{"line":721,"column":0},"end":{"line":721,"column":47}},"115":{"start":{"line":723,"column":0},"end":{"line":723,"column":38}},"116":{"start":{"line":725,"column":0},"end":{"line":725,"column":45}},"117":{"start":{"line":727,"column":0},"end":{"line":727,"column":45}},"118":{"start":{"line":729,"column":0},"end":{"line":729,"column":45}},"119":{"start":{"line":731,"column":0},"end":{"line":731,"column":40}},"120":{"start":{"line":733,"column":0},"end":{"line":733,"column":39}},"121":{"start":{"line":735,"column":0},"end":{"line":735,"column":45}},"122":{"start":{"line":737,"column":0},"end":{"line":737,"column":46}},"123":{"start":{"line":739,"column":0},"end":{"line":739,"column":41}},"124":{"start":{"line":741,"column":0},"end":{"line":741,"column":40}},"125":{"start":{"line":743,"column":0},"end":{"line":743,"column":43}},"126":{"start":{"line":745,"column":0},"end":{"line":745,"column":28}},"127":{"start":{"line":747,"column":0},"end":{"line":749,"column":2}},"128":{"start":{"line":748,"column":4},"end":{"line":748,"column":45}},"129":{"start":{"line":750,"column":0},"end":{"line":750,"column":26}}},"fnMap":{"0":{"name":"(anonymous_0)","decl":{"start":{"line":50,"column":4},"end":{"line":50,"column":5}},"loc":{"start":{"line":50,"column":60},"end":{"line":65,"column":5}},"line":50},"1":{"name":"(anonymous_1)","decl":{"start":{"line":68,"column":4},"end":{"line":68,"column":5}},"loc":{"start":{"line":68,"column":57},"end":{"line":82,"column":5}},"line":68},"2":{"name":"(anonymous_2)","decl":{"start":{"line":84,"column":4},"end":{"line":84,"column":5}},"loc":{"start":{"line":84,"column":50},"end":{"line":86,"column":5}},"line":84},"3":{"name":"(anonymous_3)","decl":{"start":{"line":87,"column":4},"end":{"line":87,"column":5}},"loc":{"start":{"line":87,"column":62},"end":{"line":98,"column":5}},"line":87},"4":{"name":"(anonymous_4)","decl":{"start":{"line":100,"column":4},"end":{"line":100,"column":5}},"loc":{"start":{"line":100,"column":57},"end":{"line":108,"column":5}},"line":100},"5":{"name":"(anonymous_5)","decl":{"start":{"line":110,"column":4},"end":{"line":110,"column":5}},"loc":{"start":{"line":110,"column":24},"end":{"line":117,"column":5}},"line":110},"6":{"name":"(anonymous_6)","decl":{"start":{"lin
[...]
{"start":{"line":84,"column":8},"end":{"line":84,"column":44}},"71":{"start":{"line":85,"column":8},"end":{"line":85,"column":54}},"72":{"start":{"line":86,"column":8},"end":{"line":86,"column":49}},"73":{"start":{"line":87,"column":8},"end":{"line":87,"column":53}},"74":{"start":{"line":88,"column":8},"end":{"line":88,"column":48}},"75":{"start":{"line":89,"column":8},"end":{"line":89,"column":57}},"76":{"start":{"line":90,"column":8},"end":{"line":90,"column":48}},"77":{"start":{"line":91,"column":8},"end":{"line":91,"column":51}},"78":{"start":{"line":92,"column":8},"end":{"line":92,"column":54}},"79":{"start":{"line":93,"column":8},"end":{"line":93,"column":62}},"80":{"start":{"line":94,"column":8},"end":{"line":94,"column":52}},"81":{"start":{"line":95,"column":8},"end":{"line":95,"column":51}},"82":{"start":{"line":96,"column":8},"end":{"line":96,"column":51}},"83":{"start":{"line":97,"column":8},"end":{"line":97,"column":58}},"84":{"start":{"line":98,"column":8},"end":{"line":98,"column":62}},"85":{"start":{"line":99,"column":8},"end":{"line":99,"column":70}},"86":{"start":{"line":100,"column":8},"end":{"line":100,"column":75}},"87":{"start":{"line":101,"column":8},"end":{"line":101,"column":46}},"88":{"start":{"line":102,"column":8},"end":{"line":102,"column":53}},"89":{"start":{"line":103,"column":8},"end":{"line":103,"column":56}},"90":{"start":{"line":104,"column":8},"end":{"line":104,"column":52}},"91":{"start":{"line":105,"column":8},"end":{"line":105,"column":70}},"92":{"start":{"line":106,"column":8},"end":{"line":106,"column":54}},"93":{"start":{"line":107,"column":8},"end":{"line":107,"column":52}},"94":{"start":{"line":108,"column":8},"end":{"line":108,"column":51}},"95":{"start":{"line":109,"column":8},"end":{"line":109,"column":43}},"96":{"start":{"line":110,"column":8},"end":{"line":110,"column":54}},"97":{"start":{"line":111,"column":8},"end":{"line":111,"column":51}},"98":{"start":{"line":112,"column":8},"end":{"line":112,"column":48}},"99":{"start":{"line":113,"column":8},"end":{"line":113,"column":53}},"100":{"start":{"line":114,"column":8},"end":{"line":114,"column":44}},"101":{"start":{"line":115,"column":8},"end":{"line":115,"column":43}},"102":{"start":{"line":116,"column":8},"end":{"line":116,"column":66}},"103":{"start":{"line":117,"column":8},"end":{"line":117,"column":85}},"104":{"start":{"line":118,"column":8},"end":{"line":118,"column":44}},"105":{"start":{"line":119,"column":8},"end":{"line":119,"column":48}},"106":{"start":{"line":120,"column":8},"end":{"line":120,"column":45}},"107":{"start":{"line":121,"column":8},"end":{"line":121,"column":47}},"108":{"start":{"line":122,"column":8},"end":{"line":122,"column":47}},"109":{"start":{"line":123,"column":8},"end":{"line":123,"column":49}},"110":{"start":{"line":124,"column":8},"end":{"line":124,"column":51}},"111":{"start":{"line":125,"column":8},"end":{"line":125,"column":53}},"112":{"start":{"line":126,"column":8},"end":{"line":126,"column":42}},"113":{"start":{"line":127,"column":8},"end":{"line":127,"column":43}},"114":{"start":{"line":128,"column":8},"end":{"line":128,"column":46}},"115":{"start":{"line":129,"column":8},"end":{"line":129,"column":52}},"116":{"start":{"line":130,"column":8},"end":{"line":130,"column":94}},"117":{"start":{"line":131,"column":8},"end":{"line":131,"column":62}},"118":{"start":{"line":132,"column":8},"end":{"line":132,"column":47}},"119":{"start":{"line":133,"column":8},"end":{"line":133,"column":56}},"120":{"start":{"line":134,"column":8},"end":{"line":134,"column":47}},"121":{"start":{"line":135,"column":8},"end":{"line":135,"column":47}},"122":{"start":{"line":136,"column":8},"end":{"line":136,"column":49}},"123":{"start":{"line":137,"column":8},"end":{"line":137,"column":48}},"124":{"start":{"line":138,"column":8},"end":{"line":138,"column":46}},"125":{"start":{"line":139,"column":8},"end":{"line":139,"column":45}},"126":{"start":{"line":140,"column":8},"end":{"line":140,"column":46}},"127":{"start":{"line":141,"column":8},"end":{"line":141,"column":49}},"128":{"start":{"line":142,"column":8},"end":{"line":142,"column":47}},"129":{"start":{"line":143,"column":8},"end":{"line":143,"column":50}},"130":{"start":{"line":144,"column":8},"end":{"line":144,"column":41}},"131":{"start":{"line":145,"column":8},"end":{"line":145,"column":47}},"132":{"start":{"line":146,"column":8},"end":{"line":146,"column":49}},"133":{"start":{"line":147,"column":8},"end":{"line":147,"column":42}}},"fnMap":{"0":{"name":"(anonymous_0)","decl":{"start":{"line":8,"column":7},"end":{"line":8,"column":8}},"loc":{"start":{"line":8,"column":13},"end":{"line":10,"column":1}},"line":8},"1":{"name":"(anonymous_1)","decl":{"start":{"line":11,"column":6},"end":{"line":11,"column":7}},"loc":{"start":{"line":11,"column":12},"end":{"line":13,"column":1}},"line":11},"2":{"name":"(anonymous_2)","decl":{"start":{"line":23,"column":29},"end":{"line":23,"column":30}},"loc":{"start":{"line":23,"column":35},"end":{"line":149,"column":1}},"line":23},"3":{"name":"(anonymous_3)","decl":{"start":{"line":24,"column":37},"end":{"line":24,"column":38}},"loc":{"start":{"line":24,"column":43},"end":{"line":148,"column":5}},"line":24}},"branchMap":{},"s":{"0":10,"1":10,"2":10,"3":10,"4":10,"5":10,"6":10,"7":10,"8":10,"9":10,"10":10,"11":10,"12":10,"13":10,"14":10,"15":10,"16":10,"17":10,"18":10,"19":10,"20":10,"21":10,"22":10,"23":10,"24":10,"25":10,"26":10,"27":10,"28":10,"29":10,"30":10,"31":10,"32":10,"33":10,"34":10,"35":10,"36":10,"37":10,"38":10,"39":10,"40":10,"41":10,"42":10,"43":10,"44":10,"45":10,"46":10,"47":10,"48":10,"49":10,"50":10,"51":10,"52":10,"53":10,"54":10,"55":10,"56":10,"57":10,"58":10,"59":10,"60":10,"61":10,"62":10,"63":10,"64":10,"65":10,"66":10,"67":10,"68":10,"69":10,"70":10,"71":10,"72":10,"73":10,"74":10,"75":10,"76":10,"77":10,"78":10,"79":10,"80":10,"81":10,"82":10,"83":10,"84":10,"85":10,"86":10,"87":10,"88":10,"89":10,"90":10,"91":10,"92":10,"93":10,"94":10,"95":10,"96":10,"97":10,"98":10,"99":10,"100":10,"101":10,"102":10,"103":10,"104":10,"105":10,"106":10,"107":10,"108":10,"109":10,"110":10,"111":10,"112":10,"113":10,"114":10,"115":10,"116":10,"117":10,"118":10,"119":10,"120":10,"121":10,"122":10,"123":10,"124":10,"125":10,"126":10,"127":10,"128":10,"129":10,"130":10,"131":10,"132":10,"133":10},"f":{"0":10,"1":10,"2":10,"3":10},"b":{},"_coverageSchema":"332fd63041d2c1bcb487cc26dd0d5f7d97098a6c","hash":"1986a9de089c3200652359a078c340de950be980","contentHash":"aaa04492b3e58a92f5a6b51fd44d7836_11.4.1"},"/home/ed/projects/pst-extractor/src/app/PSTObject/PSTObject.spec.ts":{"path":"/home/ed/projects/pst-extractor/src/app/PSTObject/PSTObject.spec.ts","statementMap":{"0":{"start":{"line":2,"column":0},"end":{"line":2,"column":62}},"1":{"start":{"line":3,"column":13},"end":{"line":3,"column":28}},"2":{"start":{"line":4,"column":24},"end":{"line":4,"column":59}},"3":{"start":{"line":5,"column":16},"end":{"line":5,"column":39}},"4":{"start":{"line":6,"column":15},"end":{"line":6,"column":26}},"5":{"start":{"line":8,"column":0},"end":{"line":10,"column":3}},"6":{"start":{"line":9,"column":4},"end":{"line":9,"column":100}},"7":{"start":{"line":11,"column":0},"end":{"line":13,"column":3}},"8":{"start":{"line":12,"column":4},"end":{"line":12,"column":20}},"9":{"start":{"line":23,"column":0},"end":{"line":45,"column":3}},"10":{"start":{"line":24,"column":4},"end":{"line":44,"column":7}},"11":{"start":{"line":25,"column":27},"end":{"line":25,"column":66}},"12":{"start":{"line":26,"column":8},"end":{"line":26,"column":48}},"13":{"start":{"line":27,"column":21},"end":{"line":27,"column":36}},"14":{"start":{"line":28,"column":8},"end":{"line":28,"column":50}},"15":{"start":{"line":29,"column":8},"end":{"line":29,"column":71}},"16":{"start":{"line":30,"column":8},"end":{"line":30,"column":46}},"17":{"start":{"line":31,"column":8},"end":{"line":31,"column":33}},"18":{"start":{"line":32,"column":8},"end":{"line":32,"column":61}},"19":{"start":{"line":33,"column":8},"end":{"line":33,"column":33}},"20":{"start":{"line":34,"column":8},"end":{"line":34,"column":55}},"21":{"start":{"line":35,"column":8},"end":{"line":35,"column":46}},"22":{"start":{"line":36,"column":8},"end":{"line":36,"column":33}},"23":{"start":{"line":37,"column":8},"end":{"line":37,"column":71}},"24":{"start":{"line":38,"column":8},"end":{"line":38,"column":46}},"25":{"start":{"line":39,"column":8},"end":{"line":39,"column":76}},"26":{"start":{"line":40,"column":31},"end":{"line":40,"column":46}},"27":{"start":{"line":41,"column":18},"end":{"line":41,"column":47}},"28":{"start":{"line":42,"column":8},"end":{"line":42,"column":54}},"29":{"start":{"line":43,"column":8},"end":{"line":43,"column":56}}},"fnMap":{"0":{"name":"(anonymous_0)","decl":{"start":{"line":8,"column":7},"end":{"line":8,"column":8}},"loc":{"start":{"line":8,"column":13},"end":{"line":10,"column":1}},"line":8},"1":{"name":"(anonymous_1)","decl":{"start":{"line":11,"column":6},"end":{"line":11,"column":7}},"loc":{"start":{"line":11,"column":12},"end":{"line":13,"column":1}},"line":11},"2":{"name":"(anonymous_2)","decl":{"start":{"line":23,"column":28},"end":{"line":23,"column":29}},"loc":{"start":{"line":23,"column":34},"end":{"line":45,"column":1}},"line":23},"3":{"name":"(anonymous_3)","decl":{"start":{"line":24,"column":39},"end":{"line":24,"column":40}},"loc":{"start":{"line":24,"column":45},"end":{"line":44,"column":5}},"line":24}},"branchMap":{},"s":{"0":10,"1":10,"2":10,"3":10,"4":10,"5":10,"6":10,"7":10,"8":10,"9":10,"10":10,"11":10,"12":10,"13":10,"14":10,"15":10,"16":10,"17":10,"18":10,"19":10,"20":10,"21":10,"22":10,"23":10,"24":10,"25":10,"26":10,"27":10,"28":10,"29":10},"f":{"0":10,"1":10,"2":10,"3":10},"b":{},"_coverageSchema":"332fd63041d2c1bcb487cc26dd0d5f7d97098a6c","hash":"e08abe2498683ebfcdf85a3cc83071ca171a9203","contentHash":"6723df25138fc32fcad23dfc6635df9c_11.4.1"},"/home/ed/projects/pst-extractor/src/app/PSTRecipient/PSTRecipient.spec.ts":{"path":"/home/ed/projects/pst-extractor/src/app/PSTRecipient/PSTRecipient.spec.ts","statementMap":{"0":{"start":{"line":2,"column":0},"end":{"line":2,"column":62}},"1":{"start":{"line":3,"column":13},"end":{"line":3,"column":28}},"2":{"start":{"line":4,"column":24},"end":{"line":4,"column":59}},"3":{"start":{"line":5,"column":16},"end":{"line":5,"column":39}},"4":{"start":{"line":6,"column":15},"end":{"line":6,"column":26}},"5":{"start":{"line":8,"column":0},"end":{"line":10,"column":3}},"6":{"start":{"line":9,"column":4},"end":{"line":9,"column":100}},"7":{"start":{"line":11,"column":0},"end":{"line":13,"column":3}},"8":{"start":{"line":12,"column":4},"end":{"line":12,"column":20}},"9":{"start":{"line":29,"column":0},"end":{"line":71,"column":3}},"10":{"start":{"line":30,"column":4},"end":{"line":70,"column":7}},"11":{"start":{"line":31,"column":27},"end":{"line":31,"column":66}},"12":{"start":{"line":32,"column":8},"end":{"line":32,"column":48}},"13":{"start":{"line":33,"column":21},"end":{"line":33,"column":36}},"14":{"start":{"line":34,"column":8},"end":{"line":34,"column":50}},"15":{"start":{"line":35,"column":8},"end":{"line":35,"column":71}},"16":{"start":{"line":36,"column":8},"end":{"line":36,"column":46}},"17":{"start":{"line":37,"column":8},"end":{"line":37,"column":33}},"18":{"start":{"line":38,"column":8},"end":{"line":38,"column":61}},"19":{"start":{"line":39,"column":8},"end":{"line":39,"column":33}},"20":{"start":{"line":40,"column":8},"end":{"line":40,"column":55}},"21":{"start":{"line":41,"column":8},"end":{"line":41,"column":46}},"22":{"start":{"line":42,"column":8},"end":{"line":42,"column":33}},"23":{"start":{"line":43,"column":8},"end":{"line":43,"column":71}},"24":{"start":{"line":44,"column":8},"end":{"line":44,"column":46}},"25":{"start":{"line":45,"column":8},"end":{"line":45,"column":76}},"26":{"start":{"line":46,"column":31},"end":{"line":46,"column":46}},"27":{"start":{"line":47,"column":18},"end":{"line":47,"column":47}},"28":{"start":{"line":48,"column":8},"end":{"line":48,"column":54}},"29":{"start":{"line":49,"column":8},"end":{"line":49,"column":50}},"30":{"start":{"line":50,"column":8},"end":{"line":50,"column":55}},"31":{"start":{"line":51,"column":8},"end":{"line":51,"column":72}},"32":{"start":{"line":52,"column":8},"end":{"line":52,"column":79}},"33":{"start":{"line":53,"column":24},"end":{"line":53,"column":43}},"34":{"start":{"line":54,"column":8},"end":{"line":54,"column":69}},"35":{"start":{"line":55,"column":8},"end":{"line":55,"column":78}},"36":{"start":{"line":56,"column":8},"end":{"line":56,"column":40}},"37":{"start":{"line":57,"column":8},"end":{"line":57,"column":67}},"38":{"start":{"line":58,"column":8},"end":{"line":58,"column":76}},"39":{"start":{"line":59,"column":8},"end":{"line":59,"column":40}},"40":{"start":{"line":60,"column":8},"end":{"line":60,"column":62}},"41":{"start":{"line":61,"column":8},"end":{"line":61,"column":71}},"42":{"start":{"line":62,"column":8},"end":{"line":62,"column":44}},"43":{"start":{"line":63,"column":8},"end":{"line":63,"column":54}},"44":{"start":{"line":64,"column":8},"end":{"line":64,"column":89}},"45":{"start":{"line":65,"column":8},"end":{"line":65,"column":80}},"46":{"start":{"line":66,"column":8},"end":{"line":66,"column":66}},"47":{"start":{"line":67,"column":8},"end":{"line":67,"column":40}},"48":{"start":{"line":68,"column":8},"end":{"line":68,"column":74}},"49":{"start":{"line":69,"column":8},"end":{"line":69,"column":75}}},"fnMap":{"0":{"name":"(anonymous_0)","decl":{"start":{"line":8,"column":7},"end":{"line":8,"column":8}},"loc":{"start":{"line":8,"column":13},"end":{"line":10,"column":1}},"line":8},"1":{"name":"(anonymous_1)","decl":{"start":{"line":11,"column":6},"end":{"line":11,"column":7}},"loc":{"start":{"line":11,"column":12},"end":{"line":13,"column":1}},"line":11},"2":{"name":"(anonymous_2)","decl":{"start":{"line":29,"column":31},"end":{"line":29,"column":32}},"loc":{"start":{"line":29,"column":37},"end":{"line":71,"column":1}},"line":29},"3":{"name":"(anonymous_3)","decl":{"start":{"line":30,"column":37},"end":{"line":30,"column":38}},"loc":{"start":{"line":30,"column":43},"end":{"line":70,"column":5}},"line":30}},"branchMap":{},"s":{"0":10,"1":10,"2":10,"3":10,"4":10,"5":10,"6":10,"7":10,"8":10,"9":10,"10":10,"11":10,"12":10,"13":10,"14":10,"15":10,"16":10,"17":10,"18":10,"19":10,"20":10,"21":10,"22":10,"23":10,"24":10,"25":10,"26":10,"27":10,"28":10,"29":10,"30":10,"31":10,"32":10,"33":10,"34":10,"35":10,"36":10,"37":10,"38":10,"39":10,"40":10,"41":10,"42":10,"43":10,"44":10,"45":10,"46":10,"47":10,"48":10,"49":10},"f":{"0":10,"1":10,"2":10,"3":10},"b":{},"_coverageSchema":"332fd63041d2c1bcb487cc26dd0d5f7d97098a6c","hash":"1aec82d8f20b6eaae53a4b19e40e6aa8b9f1817b","contentHash":"4428dd8742ca7c82342c00e852f2090b_11.4.1"},"/home/ed/projects/pst-extractor/src/app/PSTTask/PSTTask.spec.ts":{"path":"/home/ed/projects/pst-extractor/src/app/PSTTask/PSTTask.spec.ts","statementMap":{"0":{"start":{"line":2,"column":0},"end":{"line":2,"column":62}},"1":{"start":{"line":3,"column":13},"end":{"line":3,"column":28}},"2":{"start":{"line":4,"column":24},"end":{"line":4,"column":59}},"3":{"start":{"line":5,"column":16},"end":{"line":5,"column":39}},"4":{"start":{"line":6,"column":15},"end":{"line":6,"column":26}},"5":{"start":{"line":9,"column":0},"end":{"line":18,"column":3}},"6":{"start":{"line":10,"column":4},"end":{"line":10,"column":96}},"7":{"start":{"line":12,"column":23},"end":{"line":12,"column":62}},"8":{"start":{"line":13,"column":4},"end":{"line":13,"column":29}},"9":{"start":{"line":14,"column":4},"end":{"line":14,"column":42}},"10":{"start":{"line":15,"column":4},"end":{"line":15,"column":29}},"11":{"start":{"line":16,"column":4},"end":{"line":16,"column":42}},"12":{"start":{"line":17,"column":4},"end":{"line":17,"column":30}},"13":{"start":{"line":19,"column":0},"end":{"line":21,"column":3}},"14":{"start":{"line":20,"column":4},"end":{"line":20,"column":20}},"15":{"start":{"line":22,"column":0},"end":{"line":65,"column":3}},"16":{"start":{"line":23,"column":4},"end":{"line":25,"column":7}},"17":{"start":{"line":24,"column":8},"end":{"line":24,"column":53}},"18":{"start":{"line":26,"column":4},"end":{"line":64,"column":7}},"19":{"start":{"line":28,"column":19},"end":{"line":28,"column":40}},"20":{"start":{"line":30,"column":8},"end":{"line":30,"column":55}},"21":{"start":{"line":31,"column":8},"end":{"line":31,"column":59}},"22":{"start":{"line":32,"column":8},"end":{"line":32,"column":48}},"23":{"start":{"line":33,"column":8},"end":{"line":33,"column":48}},"24":{"start":{"line":34,"column":8},"end":{"line":34,"column":56}},"25":{"start":{"line":35,"column":8},"end":{"line":35,"column":44}},"26":{"start":{"line":36,"column":8},"end":{"line":36,"column":52}},"27":{"start":{"line":37,"column":8},"end":{"line":37,"column":89}},"28":{"start":{"line":39,"column":8},"end":{"line":39,"column":37}},"29":{"start":{"line":41,"column":8},"end":{"line":41,"column":55}},"30":{"start":{"line":42,"column":8},"end":{"line":42,"column":52}},"31":{"start":{"line":43,"column":8},"end":{"line":43,"column":49}},"32":{"start":{"line":44,"column":8},"end":{"line":44,"column":48}},"33":{"start":{"line":45,"column":8},"end":{"line":45,"column":56}},"34":{"start":{"line":46,"column":8},"end":{"line":46,"column":44}},"35":{"start":{"line":47,"column":8},"end":{"line":47,"column":72}},"36":{"start":{"line":48,"column":8},"end":{"line":48,"column":44}},"37":{"start":{"line":49,"column":8},"end":{"line":49,"column":49}},"38":{"start":{"line":50,"column":8},"end":{"line":50,"column":50}},"39":{"start":{"line":51,"column":8},"end":{"line":51,"column":53}},"40":{"start":{"line":52,"column":8},"end":{"line":52,"column":45}},"41":{"start":{"line":53,"column":8},"end":{"line":53,"column":54}},"42":{"start":{"line":54,"column":8},"end":{"line":54,"column":47}},"43":{"start":{"line":55,"column":8},"end":{"line":55,"column":49}},"44":{"start":{"line":56,"column":8},"end":{"line":56,"column":58}},"45":{"start":{"line":57,"column":8},"end":{"line":57,"column":47}},"46":{"start":{"line":58,"column":8},"end":{"line":58,"column":47}},"47":{"start":{"line":59,"column":8},"end":{"line":59,"column":43}},"48":{"start":{"line":60,"column":8},"end":{"line":60,"column":44}},"49":{"start":{"line":61,"column":8},"end":{"line":61,"column":48}},"50":{"start":{"line":62,"column":8},"end":{"line":62,"column":49}},"51":{"start":{"line":63,"column":8},"end":{"line":63,"column":54}}},"fnMap":{"0":{"name":"(anonymous_0)","decl":{"start":{"line":9,"column":7},"end":{"line":9,"column":8}},"loc":{"start":{"line":9,"column":13},"end":{"line":18,"column":1}},"line":9},"1":{"name":"(anonymous_1)","decl":{"start":{"line":19,"column":6},"end":{"line":19,"column":7}},"loc":{"start":{"line":19,"column":12},"end":{"line":21,"column":1}},"line":19},"2":{"name":"(anonymous_2)","decl":{"start":{"line":22,"column":26},"end":{"line":22,"column":27}},"loc":{"start":{"line":22,"column":32},"end":{"line":65,"column":1}},"line":22},"3":{"name":"(anonymous_3)","decl":{"start":{"line":23,"column":37},"end":{"line":23,"column":38}},"loc":{"start":{"line":23,"column":43},"end":{"line":25,"column":5}},"line":23},"4":{"name":"(anonymous_4)","decl":{"start":{"line":26,"column":32},"end":{"line":26,"column":33}},"loc":{"start":{"line":26,"column":38},"end":{"line":64,"column":5}},"line":26}},"branchMap":{},"s":{"0":10,"1":10,"2":10,"3":10,"4":10,"5":10,"6":10,"7":10,"8":10,"9":10,"10":10,"11":10,"12":10,"13":10,"14":10,"15":10,"16":10,"17":10,"18":10,"19":10,"20":10,"21":10,"22":10,"23":10,"24":10,"25":10,"26":10,"27":10,"28":10,"29":10,"30":10,"31":10,"32":10,"33":10,"34":10,"35":10,"36":10,"37":10,"38":10,"39":10,"40":10,"41":10,"42":10,"43":10,"44":10,"45":10,"46":10,"47":10,"48":10,"49":10,"50":10,"51":10},"f":{"0":10,"1":10,"2":10,"3":10,"4":10},"b":{},"_coverageSchema":"332fd63041d2c1bcb487cc26dd0d5f7d97098a6c","hash":"63df71d2dca701a20db49548503dbc980708b18f","contentHash":"b0f816c50534a08eb55ee6f17f8adb7f_11.4.1"}}